[ 2017-10-24T11:36:10+08:00 ] ::1 /TP3.2/
INFO: [ app_init ] --START--
INFO: Run Behavior\BuildLiteBehavior [ RunTime:0.000008s ]
INFO: [ app_init ] --END-- [ RunTime:0.000326s ]
INFO: [ app_begin ] --START--
INFO: Run Behavior\ReadHtmlCacheBehavior [ RunTime:0.000368s ]
INFO: [ app_begin ] --END-- [ RunTime:0.000405s ]
INFO: [ view_parse ] --START--
INFO: [ template_filter ] --START--
INFO: Run Behavior\ContentReplaceBehavior [ RunTime:0.000050s ]
INFO: [ template_filter ] --END-- [ RunTime:0.000089s ]
INFO: Run Behavior\ParseTemplateBehavior [ RunTime:0.024014s ]
INFO: [ view_parse ] --END-- [ RunTime:0.024061s ]
INFO: [ view_filter ] --START--
INFO: Run Behavior\WriteHtmlCacheBehavior [ RunTime:0.000267s ]
INFO: [ view_filter ] --END-- [ RunTime:0.000299s ]
INFO: [ app_end ] --START--
INFO: Run Behavior\ShowPageTraceBehavior [ RunTime:0.000371s ]
INFO: [ app_end ] --END-- [ RunTime:0.000396s ]

[ 2017-10-24T11:36:12+08:00 ] ::1 /TP3.2/index.php/Home/index/web.html
INFO: [ app_init ] --START--
INFO: Run Behavior\BuildLiteBehavior [ RunTime:0.000009s ]
INFO: [ app_init ] --END-- [ RunTime:0.000303s ]
INFO: [ app_begin ] --START--
INFO: Run Behavior\ReadHtmlCacheBehavior [ RunTime:0.000369s ]
INFO: [ app_begin ] --END-- [ RunTime:0.000408s ]
SQL: SHOW COLUMNS FROM `yixue_login` [ RunTime:0.0274s ]
ERR: 1054:Unknown column 'account' in 'where clause'
 [ SQL语句 ] : SELECT * FROM `yixue_login` WHERE ( account = '' and pwd = '' ) 
ERR: 1054:Unknown column 'account' in 'where clause'
 [ SQL语句 ] : SELECT * FROM `yixue_login` WHERE ( account = '' and pwd = '' ) 

[ 2017-10-24T12:47:24+08:00 ] ::1 /TP3.2/index.php/Home/index/duanxin.html
INFO: [ app_init ] --START--
INFO: Run Behavior\BuildLiteBehavior [ RunTime:0.000008s ]
INFO: [ app_init ] --END-- [ RunTime:0.000314s ]
INFO: [ app_begin ] --START--
INFO: Run Behavior\ReadHtmlCacheBehavior [ RunTime:0.000427s ]
INFO: [ app_begin ] --END-- [ RunTime:0.000468s ]
INFO: [ app_end ] --START--
INFO: Run Behavior\ShowPageTraceBehavior [ RunTime:0.000380s ]
INFO: [ app_end ] --END-- [ RunTime:0.000414s ]

[ 2017-10-24T12:47:27+08:00 ] ::1 /TP3.2/index.php/Home/index/duanxin.html
INFO: [ app_init ] --START--
INFO: Run Behavior\BuildLiteBehavior [ RunTime:0.000010s ]
INFO: [ app_init ] --END-- [ RunTime:0.000304s ]
INFO: [ app_begin ] --START--
INFO: Run Behavior\ReadHtmlCacheBehavior [ RunTime:0.000402s ]
INFO: [ app_begin ] --END-- [ RunTime:0.000437s ]
INFO: [ app_end ] --START--
INFO: Run Behavior\ShowPageTraceBehavior [ RunTime:0.000370s ]
INFO: [ app_end ] --END-- [ RunTime:0.000406s ]

[ 2017-10-24T12:48:29+08:00 ] ::1 /TP3.2/
INFO: [ app_init ] --START--
INFO: Run Behavior\BuildLiteBehavior [ RunTime:0.000009s ]
INFO: [ app_init ] --END-- [ RunTime:0.000269s ]
INFO: [ app_begin ] --START--
INFO: Run Behavior\ReadHtmlCacheBehavior [ RunTime:0.000310s ]
INFO: [ app_begin ] --END-- [ RunTime:0.000342s ]
INFO: [ view_parse ] --START--
INFO: [ template_filter ] --START--
INFO: Run Behavior\ContentReplaceBehavior [ RunTime:0.000035s ]
INFO: [ template_filter ] --END-- [ RunTime:0.000071s ]
INFO: Run Behavior\ParseTemplateBehavior [ RunTime:0.011870s ]
INFO: [ view_parse ] --END-- [ RunTime:0.011910s ]
INFO: [ view_filter ] --START--
INFO: Run Behavior\WriteHtmlCacheBehavior [ RunTime:0.000241s ]
INFO: [ view_filter ] --END-- [ RunTime:0.000264s ]
INFO: [ app_end ] --START--
INFO: Run Behavior\ShowPageTraceBehavior [ RunTime:0.000316s ]
INFO: [ app_end ] --END-- [ RunTime:0.000340s ]

[ 2017-10-24T12:48:30+08:00 ] ::1 /TP3.2/
INFO: [ app_init ] --START--
INFO: Run Behavior\BuildLiteBehavior [ RunTime:0.000011s ]
INFO: [ app_init ] --END-- [ RunTime:0.000289s ]
INFO: [ app_begin ] --START--
INFO: Run Behavior\ReadHtmlCacheBehavior [ RunTime:0.000336s ]
INFO: [ app_begin ] --END-- [ RunTime:0.000377s ]
INFO: [ view_parse ] --START--
INFO: [ template_filter ] --START--
INFO: Run Behavior\ContentReplaceBehavior [ RunTime:0.000025s ]
INFO: [ template_filter ] --END-- [ RunTime:0.000061s ]
INFO: Run Behavior\ParseTemplateBehavior [ RunTime:0.004809s ]
INFO: [ view_parse ] --END-- [ RunTime:0.004848s ]
INFO: [ view_filter ] --START--
INFO: Run Behavior\WriteHtmlCacheBehavior [ RunTime:0.000186s ]
INFO: [ view_filter ] --END-- [ RunTime:0.000208s ]
INFO: [ app_end ] --START--
INFO: Run Behavior\ShowPageTraceBehavior [ RunTime:0.000314s ]
INFO: [ app_end ] --END-- [ RunTime:0.000341s ]

[ 2017-10-24T12:48:31+08:00 ] ::1 /TP3.2/index.php/Home/index/duanxin.html
INFO: [ app_init ] --START--
INFO: Run Behavior\BuildLiteBehavior [ RunTime:0.000010s ]
INFO: [ app_init ] --END-- [ RunTime:0.000303s ]
INFO: [ app_begin ] --START--
INFO: Run Behavior\ReadHtmlCacheBehavior [ RunTime:0.000362s ]
INFO: [ app_begin ] --END-- [ RunTime:0.000397s ]
INFO: [ app_end ] --START--
INFO: Run Behavior\ShowPageTraceBehavior [ RunTime:0.000363s ]
INFO: [ app_end ] --END-- [ RunTime:0.000399s ]

[ 2017-10-24T12:48:33+08:00 ] ::1 /TP3.2/index.php/Home/index/web.html
INFO: [ app_init ] --START--
INFO: Run Behavior\BuildLiteBehavior [ RunTime:0.000009s ]
INFO: [ app_init ] --END-- [ RunTime:0.000247s ]
INFO: [ app_begin ] --START--
INFO: Run Behavior\ReadHtmlCacheBehavior [ RunTime:0.000305s ]
INFO: [ app_begin ] --END-- [ RunTime:0.000335s ]

[ 2017-10-24T12:48:39+08:00 ] ::1 /TP3.2/index.php/Home/index/duanxin.html
INFO: [ app_init ] --START--
INFO: Run Behavior\BuildLiteBehavior [ RunTime:0.000010s ]
INFO: [ app_init ] --END-- [ RunTime:0.000282s ]
INFO: [ app_begin ] --START--
INFO: Run Behavior\ReadHtmlCacheBehavior [ RunTime:0.000367s ]
INFO: [ app_begin ] --END-- [ RunTime:0.000409s ]
INFO: [ app_end ] --START--
INFO: Run Behavior\ShowPageTraceBehavior [ RunTime:0.000343s ]
INFO: [ app_end ] --END-- [ RunTime:0.000385s ]

[ 2017-10-24T12:48:41+08:00 ] ::1 /TP3.2/index.php/Home/index/web.html
INFO: [ app_init ] --START--
INFO: Run Behavior\BuildLiteBehavior [ RunTime:0.000010s ]
INFO: [ app_init ] --END-- [ RunTime:0.000301s ]
INFO: [ app_begin ] --START--
INFO: Run Behavior\ReadHtmlCacheBehavior [ RunTime:0.000322s ]
INFO: [ app_begin ] --END-- [ RunTime:0.000356s ]

[ 2017-10-24T13:21:48+08:00 ] ::1 /TP3.2/index.php/Home/index/web.html
INFO: [ app_init ] --START--
INFO: Run Behavior\BuildLiteBehavior [ RunTime:0.000009s ]
INFO: [ app_init ] --END-- [ RunTime:0.000456s ]
INFO: [ app_begin ] --START--
INFO: Run Behavior\ReadHtmlCacheBehavior [ RunTime:0.000526s ]
INFO: [ app_begin ] --END-- [ RunTime:0.000570s ]

[ 2017-10-24T13:21:59+08:00 ] ::1 /TP3.2/index.php/Home/index/web.html
INFO: [ app_init ] --START--
INFO: Run Behavior\BuildLiteBehavior [ RunTime:0.000012s ]
INFO: [ app_init ] --END-- [ RunTime:0.000423s ]
INFO: [ app_begin ] --START--
INFO: Run Behavior\ReadHtmlCacheBehavior [ RunTime:0.000401s ]
INFO: [ app_begin ] --END-- [ RunTime:0.000440s ]

[ 2017-10-24T13:22:00+08:00 ] ::1 /TP3.2/index.php/Home/index/duanxin.html
INFO: [ app_init ] --START--
INFO: Run Behavior\BuildLiteBehavior [ RunTime:0.000010s ]
INFO: [ app_init ] --END-- [ RunTime:0.000400s ]
INFO: [ app_begin ] --START--
INFO: Run Behavior\ReadHtmlCacheBehavior [ RunTime:0.000439s ]
INFO: [ app_begin ] --END-- [ RunTime:0.000475s ]
INFO: [ app_end ] --START--
INFO: Run Behavior\ShowPageTraceBehavior [ RunTime:0.000802s ]
INFO: [ app_end ] --END-- [ RunTime:0.000881s ]

[ 2017-10-24T13:22:04+08:00 ] ::1 /TP3.2/index.php/Home/index/duanxin.html
INFO: [ app_init ] --START--
INFO: Run Behavior\BuildLiteBehavior [ RunTime:0.000009s ]
INFO: [ app_init ] --END-- [ RunTime:0.000336s ]
INFO: [ app_begin ] --START--
INFO: Run Behavior\ReadHtmlCacheBehavior [ RunTime:0.000362s ]
INFO: [ app_begin ] --END-- [ RunTime:0.000391s ]
INFO: [ app_end ] --START--
INFO: Run Behavior\ShowPageTraceBehavior [ RunTime:0.000358s ]
INFO: [ app_end ] --END-- [ RunTime:0.000389s ]

[ 2017-10-24T13:22:05+08:00 ] ::1 /TP3.2/index.php/Home/index/web.html
INFO: [ app_init ] --START--
INFO: Run Behavior\BuildLiteBehavior [ RunTime:0.000008s ]
INFO: [ app_init ] --END-- [ RunTime:0.000303s ]
INFO: [ app_begin ] --START--
INFO: Run Behavior\ReadHtmlCacheBehavior [ RunTime:0.000351s ]
INFO: [ app_begin ] --END-- [ RunTime:0.000384s ]

[ 2017-10-24T13:22:38+08:00 ] ::1 /TP3.2/index.php/Home/index/web.html
INFO: [ app_init ] --START--
INFO: Run Behavior\BuildLiteBehavior [ RunTime:0.000008s ]
INFO: [ app_init ] --END-- [ RunTime:0.000251s ]
INFO: [ app_begin ] --START--
INFO: Run Behavior\ReadHtmlCacheBehavior [ RunTime:0.000292s ]
INFO: [ app_begin ] --END-- [ RunTime:0.000323s ]

[ 2017-10-24T13:22:53+08:00 ] ::1 /TP3.2/index.php/Home/index/web.html
INFO: [ app_init ] --START--
INFO: Run Behavior\BuildLiteBehavior [ RunTime:0.000008s ]
INFO: [ app_init ] --END-- [ RunTime:0.000251s ]
INFO: [ app_begin ] --START--
INFO: Run Behavior\ReadHtmlCacheBehavior [ RunTime:0.000299s ]
INFO: [ app_begin ] --END-- [ RunTime:0.000330s ]

[ 2017-10-24T13:35:04+08:00 ] ::1 /TP3.2/index.php/Home/index/web.html
INFO: [ app_init ] --START--
INFO: Run Behavior\BuildLiteBehavior [ RunTime:0.000010s ]
INFO: [ app_init ] --END-- [ RunTime:0.000368s ]
INFO: [ app_begin ] --START--
INFO: Run Behavior\ReadHtmlCacheBehavior [ RunTime:0.000393s ]
INFO: [ app_begin ] --END-- [ RunTime:0.000430s ]
SQL: SHOW COLUMNS FROM `yixue_login` [ RunTime:0.0387s ]
ERR: 1054:Unknown column 'account' in 'where clause'
 [ SQL语句 ] : SELECT * FROM `yixue_login` WHERE ( account = '' and pwd = '' ) 
ERR: 1054:Unknown column 'account' in 'where clause'
 [ SQL语句 ] : SELECT * FROM `yixue_login` WHERE ( account = '' and pwd = '' ) 

[ 2017-10-24T13:35:11+08:00 ] ::1 /TP3.2/index.php/Home/index/web.html
INFO: [ app_init ] --START--
INFO: Run Behavior\BuildLiteBehavior [ RunTime:0.000009s ]
INFO: [ app_init ] --END-- [ RunTime:0.000266s ]
INFO: [ app_begin ] --START--
INFO: Run Behavior\ReadHtmlCacheBehavior [ RunTime:0.000303s ]
INFO: [ app_begin ] --END-- [ RunTime:0.000335s ]
SQL: SHOW COLUMNS FROM `yixue_login` [ RunTime:0.0230s ]
ERR: 1054:Unknown column 'account' in 'where clause'
 [ SQL语句 ] : SELECT * FROM `yixue_login` WHERE ( account = 'yantian' and pwd = '111' ) 
ERR: 1054:Unknown column 'account' in 'where clause'
 [ SQL语句 ] : SELECT * FROM `yixue_login` WHERE ( account = 'yantian' and pwd = '111' ) 

[ 2017-10-24T13:35:28+08:00 ] ::1 /TP3.2/index.php/Home/index/web.html
INFO: [ app_init ] --START--
INFO: Run Behavior\BuildLiteBehavior [ RunTime:0.000009s ]
INFO: [ app_init ] --END-- [ RunTime:0.000309s ]
INFO: [ app_begin ] --START--
INFO: Run Behavior\ReadHtmlCacheBehavior [ RunTime:0.000387s ]
INFO: [ app_begin ] --END-- [ RunTime:0.000427s ]
SQL: SHOW COLUMNS FROM `yixue_login` [ RunTime:0.0504s ]
SQL: SELECT * FROM `yixue_login` WHERE ( login_account = 'yantian' and login_pwd = '111' )  [ RunTime:0.0005s ]

[ 2017-10-24T13:43:40+08:00 ] ::1 /TP3.2/index.php/Home/index/web.html
INFO: [ app_init ] --START--
INFO: Run Behavior\BuildLiteBehavior [ RunTime:0.000008s ]
INFO: [ app_init ] --END-- [ RunTime:0.000331s ]
INFO: [ app_begin ] --START--
INFO: Run Behavior\ReadHtmlCacheBehavior [ RunTime:0.000386s ]
INFO: [ app_begin ] --END-- [ RunTime:0.000424s ]
SQL: SHOW COLUMNS FROM `yixue_login` [ RunTime:0.0350s ]
SQL: SELECT * FROM `yixue_login` WHERE ( login_account = 'yantian' and login_pwd = '111' )  [ RunTime:0.0004s ]

[ 2017-10-24T15:00:09+08:00 ] 119.251.91.100 /yantian/TP3.2/
INFO: [ app_init ] --START--
INFO: Run Behavior\BuildLiteBehavior [ RunTime:0.000016s ]
INFO: [ app_init ] --END-- [ RunTime:0.000276s ]
INFO: [ app_begin ] --START--
INFO: Run Behavior\ReadHtmlCacheBehavior [ RunTime:0.000409s ]
INFO: [ app_begin ] --END-- [ RunTime:0.000450s ]
INFO: [ view_parse ] --START--
INFO: [ template_filter ] --START--
INFO: Run Behavior\ContentReplaceBehavior [ RunTime:0.000039s ]
INFO: [ template_filter ] --END-- [ RunTime:0.000076s ]
INFO: Run Behavior\ParseTemplateBehavior [ RunTime:0.003331s ]
INFO: [ view_parse ] --END-- [ RunTime:0.003370s ]
INFO: [ view_filter ] --START--
INFO: Run Behavior\WriteHtmlCacheBehavior [ RunTime:0.000101s ]
INFO: [ view_filter ] --END-- [ RunTime:0.000144s ]
INFO: [ app_end ] --START--
INFO: Run Behavior\ShowPageTraceBehavior [ RunTime:0.000288s ]
INFO: [ app_end ] --END-- [ RunTime:0.000323s ]

[ 2017-10-24T15:00:15+08:00 ] 119.251.91.100 /yantian/TP3.2/index.php/Home/index/web.html
INFO: [ app_init ] --START--
INFO: Run Behavior\BuildLiteBehavior [ RunTime:0.000016s ]
INFO: [ app_init ] --END-- [ RunTime:0.000287s ]
INFO: [ app_begin ] --START--
INFO: Run Behavior\ReadHtmlCacheBehavior [ RunTime:0.000407s ]
INFO: [ app_begin ] --END-- [ RunTime:0.000452s ]
ERR: SQLSTATE[28000] [1045] Access denied for user 'root'@'localhost' (using password: YES)

[ 2017-10-24T15:00:21+08:00 ] 119.251.91.100 /yantian/TP3.2/
INFO: [ app_init ] --START--
INFO: Run Behavior\BuildLiteBehavior [ RunTime:0.000016s ]
INFO: [ app_init ] --END-- [ RunTime:0.000276s ]
INFO: [ app_begin ] --START--
INFO: Run Behavior\ReadHtmlCacheBehavior [ RunTime:0.000399s ]
INFO: [ app_begin ] --END-- [ RunTime:0.000441s ]
INFO: [ view_parse ] --START--
INFO: [ template_filter ] --START--
INFO: Run Behavior\ContentReplaceBehavior [ RunTime:0.000031s ]
INFO: [ template_filter ] --END-- [ RunTime:0.000069s ]
INFO: Run Behavior\ParseTemplateBehavior [ RunTime:0.003328s ]
INFO: [ view_parse ] --END-- [ RunTime:0.003366s ]
INFO: [ view_filter ] --START--
INFO: Run Behavior\WriteHtmlCacheBehavior [ RunTime:0.000096s ]
INFO: [ view_filter ] --END-- [ RunTime:0.000127s ]
INFO: [ app_end ] --START--
INFO: Run Behavior\ShowPageTraceBehavior [ RunTime:0.000321s ]
INFO: [ app_end ] --END-- [ RunTime:0.000356s ]

[ 2017-10-24T15:00:23+08:00 ] 119.251.91.100 /yantian/TP3.2/index.php/Home/index/web.html
INFO: [ app_init ] --START--
INFO: Run Behavior\BuildLiteBehavior [ RunTime:0.000012s ]
INFO: [ app_init ] --END-- [ RunTime:0.000225s ]
INFO: [ app_begin ] --START--
INFO: Run Behavior\ReadHtmlCacheBehavior [ RunTime:0.000268s ]
INFO: [ app_begin ] --END-- [ RunTime:0.000302s ]
ERR: SQLSTATE[28000] [1045] Access denied for user 'root'@'localhost' (using password: YES)

[ 2017-10-24T15:18:16+08:00 ] 119.251.91.100 /yantian/TP3.2/index.php/Home/index/web.html
INFO: [ app_init ] --START--
INFO: Run Behavior\BuildLiteBehavior [ RunTime:0.000019s ]
INFO: [ app_init ] --END-- [ RunTime:0.000297s ]
INFO: [ app_begin ] --START--
INFO: Run Behavior\ReadHtmlCacheBehavior [ RunTime:0.000483s ]
INFO: [ app_begin ] --END-- [ RunTime:0.000529s ]
ERR: SQLSTATE[28000] [1045] Access denied for user 'root'@'localhost' (using password: YES)

[ 2017-10-24T15:19:14+08:00 ] 119.251.91.100 /yantian/TP3.2/index.php/Home/index/web.html
INFO: [ app_init ] --START--
INFO: Run Behavior\BuildLiteBehavior [ RunTime:0.000016s ]
INFO: [ app_init ] --END-- [ RunTime:0.000303s ]
INFO: [ app_begin ] --START--
INFO: Run Behavior\ReadHtmlCacheBehavior [ RunTime:0.000398s ]
INFO: [ app_begin ] --END-- [ RunTime:0.000442s ]
ERR: SQLSTATE[28000] [1045] Access denied for user 'root'@'47.94.107.93' (using password: YES)

[ 2017-10-24T15:19:25+08:00 ] 119.251.91.100 /yantian/TP3.2/index.php/Home/index/web.html
INFO: [ app_init ] --START--
INFO: Run Behavior\BuildLiteBehavior [ RunTime:0.000016s ]
INFO: [ app_init ] --END-- [ RunTime:0.000274s ]
INFO: [ app_begin ] --START--
INFO: Run Behavior\ReadHtmlCacheBehavior [ RunTime:0.000409s ]
INFO: [ app_begin ] --END-- [ RunTime:0.000451s ]
NOTIC: [8] Undefined index: account /var/www/html/yantian/TP3.2/Application/Home/Controller/IndexController.class.php 第 9 行.
NOTIC: [8] Undefined index: pwd /var/www/html/yantian/TP3.2/Application/Home/Controller/IndexController.class.php 第 10 行.
ERR: SQLSTATE[28000] [1045] Access denied for user 'root'@'47.94.107.93' (using password: YES)

[ 2017-10-24T15:20:41+08:00 ] 119.251.91.100 /yantian/TP3.2/index.php/Home/index/web.html
INFO: [ app_init ] --START--
INFO: Run Behavior\BuildLiteBehavior [ RunTime:0.000012s ]
INFO: [ app_init ] --END-- [ RunTime:0.000237s ]
INFO: [ app_begin ] --START--
INFO: Run Behavior\ReadHtmlCacheBehavior [ RunTime:0.000291s ]
INFO: [ app_begin ] --END-- [ RunTime:0.000340s ]
NOTIC: [8] Undefined index: account /var/www/html/yantian/TP3.2/Application/Home/Controller/IndexController.class.php 第 9 行.
NOTIC: [8] Undefined index: pwd /var/www/html/yantian/TP3.2/Application/Home/Controller/IndexController.class.php 第 10 行.
SQL: SHOW COLUMNS FROM `yixue_login` [ RunTime:0.0037s ]
SQL: SELECT * FROM `yixue_login` WHERE ( login_account = '' and login_pwd = '' )  [ RunTime:0.0022s ]

[ 2017-10-24T15:20:44+08:00 ] 119.251.91.100 /yantian/TP3.2/index.php/Home/index/web.html
INFO: [ app_init ] --START--
INFO: Run Behavior\BuildLiteBehavior [ RunTime:0.000012s ]
INFO: [ app_init ] --END-- [ RunTime:0.000230s ]
INFO: [ app_begin ] --START--
INFO: Run Behavior\ReadHtmlCacheBehavior [ RunTime:0.000322s ]
INFO: [ app_begin ] --END-- [ RunTime:0.000359s ]
NOTIC: [8] Undefined index: account /var/www/html/yantian/TP3.2/Application/Home/Controller/IndexController.class.php 第 9 行.
NOTIC: [8] Undefined index: pwd /var/www/html/yantian/TP3.2/Application/Home/Controller/IndexController.class.php 第 10 行.
SQL: SHOW COLUMNS FROM `yixue_login` [ RunTime:0.0021s ]
SQL: SELECT * FROM `yixue_login` WHERE ( login_account = '' and login_pwd = '' )  [ RunTime:0.0017s ]

[ 2017-10-24T15:20:45+08:00 ] 119.251.91.100 /yantian/TP3.2/index.php/Home/index/web.html
INFO: [ app_init ] --START--
INFO: Run Behavior\BuildLiteBehavior [ RunTime:0.000012s ]
INFO: [ app_init ] --END-- [ RunTime:0.000242s ]
INFO: [ app_begin ] --START--
INFO: Run Behavior\ReadHtmlCacheBehavior [ RunTime:0.000273s ]
INFO: [ app_begin ] --END-- [ RunTime:0.000318s ]
NOTIC: [8] Undefined index: account /var/www/html/yantian/TP3.2/Application/Home/Controller/IndexController.class.php 第 9 行.
NOTIC: [8] Undefined index: pwd /var/www/html/yantian/TP3.2/Application/Home/Controller/IndexController.class.php 第 10 行.
SQL: SHOW COLUMNS FROM `yixue_login` [ RunTime:0.0021s ]
SQL: SELECT * FROM `yixue_login` WHERE ( login_account = '' and login_pwd = '' )  [ RunTime:0.0017s ]

[ 2017-10-24T15:20:52+08:00 ] 119.251.91.100 /yantian/TP3.2/index.php/Home/index/web.html
INFO: [ app_init ] --START--
INFO: Run Behavior\BuildLiteBehavior [ RunTime:0.000013s ]
INFO: [ app_init ] --END-- [ RunTime:0.000246s ]
INFO: [ app_begin ] --START--
INFO: Run Behavior\ReadHtmlCacheBehavior [ RunTime:0.000305s ]
INFO: [ app_begin ] --END-- [ RunTime:0.000345s ]
SQL: SHOW COLUMNS FROM `yixue_login` [ RunTime:0.0021s ]
SQL: SELECT * FROM `yixue_login` WHERE ( login_account = 'yantian' and login_pwd = '111' )  [ RunTime:0.0017s ]

[ 2017-10-24T15:22:15+08:00 ] 119.251.91.100 /yantian/TP3.2/
INFO: [ app_init ] --START--
INFO: Run Behavior\BuildLiteBehavior [ RunTime:0.000015s ]
INFO: [ app_init ] --END-- [ RunTime:0.000273s ]
INFO: [ app_begin ] --START--
INFO: Run Behavior\ReadHtmlCacheBehavior [ RunTime:0.000388s ]
INFO: [ app_begin ] --END-- [ RunTime:0.000438s ]
INFO: [ view_parse ] --START--
INFO: [ template_filter ] --START--
INFO: Run Behavior\ContentReplaceBehavior [ RunTime:0.000030s ]
INFO: [ template_filter ] --END-- [ RunTime:0.000065s ]
INFO: Run Behavior\ParseTemplateBehavior [ RunTime:0.003288s ]
INFO: [ view_parse ] --END-- [ RunTime:0.003341s ]
INFO: [ view_filter ] --START--
INFO: Run Behavior\WriteHtmlCacheBehavior [ RunTime:0.000112s ]
INFO: [ view_filter ] --END-- [ RunTime:0.000138s ]
INFO: [ app_end ] --START--
INFO: Run Behavior\ShowPageTraceBehavior [ RunTime:0.000291s ]
INFO: [ app_end ] --END-- [ RunTime:0.000325s ]

[ 2017-10-24T15:22:16+08:00 ] 119.251.91.100 /yantian/TP3.2/index.php/Home/index/duanxin.html
INFO: [ app_init ] --START--
INFO: Run Behavior\BuildLiteBehavior [ RunTime:0.000013s ]
INFO: [ app_init ] --END-- [ RunTime:0.000245s ]
INFO: [ app_begin ] --START--
INFO: Run Behavior\ReadHtmlCacheBehavior [ RunTime:0.000308s ]
INFO: [ app_begin ] --END-- [ RunTime:0.000345s ]
INFO: [ app_end ] --START--
INFO: Run Behavior\ShowPageTraceBehavior [ RunTime:0.000301s ]
INFO: [ app_end ] --END-- [ RunTime:0.000338s ]

[ 2017-10-24T15:22:19+08:00 ] 119.251.91.100 /yantian/TP3.2/index.php/Home/index/duanxin.html
INFO: [ app_init ] --START--
INFO: Run Behavior\BuildLiteBehavior [ RunTime:0.000013s ]
INFO: [ app_init ] --END-- [ RunTime:0.000229s ]
INFO: [ app_begin ] --START--
INFO: Run Behavior\ReadHtmlCacheBehavior [ RunTime:0.000278s ]
INFO: [ app_begin ] --END-- [ RunTime:0.000311s ]
INFO: [ app_end ] --START--
INFO: Run Behavior\ShowPageTraceBehavior [ RunTime:0.000295s ]
INFO: [ app_end ] --END-- [ RunTime:0.000328s ]

[ 2017-10-24T15:23:02+08:00 ] 119.251.91.100 /yantian/TP3.2/
INFO: [ app_init ] --START--
INFO: Run Behavior\BuildLiteBehavior [ RunTime:0.000017s ]
INFO: [ app_init ] --END-- [ RunTime:0.000298s ]
INFO: [ app_begin ] --START--
INFO: Run Behavior\ReadHtmlCacheBehavior [ RunTime:0.000386s ]
INFO: [ app_begin ] --END-- [ RunTime:0.000427s ]
INFO: [ view_parse ] --START--
INFO: [ template_filter ] --START--
INFO: Run Behavior\ContentReplaceBehavior [ RunTime:0.000031s ]
INFO: [ template_filter ] --END-- [ RunTime:0.000066s ]
INFO: Run Behavior\ParseTemplateBehavior [ RunTime:0.003341s ]
INFO: [ view_parse ] --END-- [ RunTime:0.003380s ]
INFO: [ view_filter ] --START--
INFO: Run Behavior\WriteHtmlCacheBehavior [ RunTime:0.000112s ]
INFO: [ view_filter ] --END-- [ RunTime:0.000137s ]
INFO: [ app_end ] --START--
INFO: Run Behavior\ShowPageTraceBehavior [ RunTime:0.000300s ]
INFO: [ app_end ] --END-- [ RunTime:0.000348s ]

[ 2017-10-24T15:24:45+08:00 ] 119.251.91.100 /yantian/TP3.2/index.php/Home/Index/web
INFO: [ app_init ] --START--
INFO: Run Behavior\BuildLiteBehavior [ RunTime:0.000012s ]
INFO: [ app_init ] --END-- [ RunTime:0.000219s ]
INFO: [ app_begin ] --START--
INFO: Run Behavior\ReadHtmlCacheBehavior [ RunTime:0.000266s ]
INFO: [ app_begin ] --END-- [ RunTime:0.000301s ]
NOTIC: [8] Undefined index: account /var/www/html/yantian/TP3.2/Application/Home/Controller/IndexController.class.php 第 9 行.
NOTIC: [8] Undefined index: pwd /var/www/html/yantian/TP3.2/Application/Home/Controller/IndexController.class.php 第 10 行.
SQL: SHOW COLUMNS FROM `yixue_login` [ RunTime:0.0021s ]
SQL: SELECT * FROM `yixue_login` WHERE ( login_account = '' and login_pwd = '' )  [ RunTime:0.0017s ]

[ 2017-10-24T15:30:44+08:00 ] 119.251.91.100 /yantian/TP3.2/index.php/Home/Index/web
INFO: [ app_init ] --START--
INFO: Run Behavior\BuildLiteBehavior [ RunTime:0.000012s ]
INFO: [ app_init ] --END-- [ RunTime:0.000233s ]
INFO: [ app_begin ] --START--
INFO: Run Behavior\ReadHtmlCacheBehavior [ RunTime:0.000289s ]
INFO: [ app_begin ] --END-- [ RunTime:0.000325s ]
NOTIC: [8] Undefined index: account /var/www/html/yantian/TP3.2/Application/Home/Controller/IndexController.class.php 第 9 行.
NOTIC: [8] Undefined index: pwd /var/www/html/yantian/TP3.2/Application/Home/Controller/IndexController.class.php 第 10 行.
SQL: SHOW COLUMNS FROM `yixue_login` [ RunTime:0.0021s ]
SQL: SELECT * FROM `yixue_login` WHERE ( login_account = '' and login_pwd = '' )  [ RunTime:0.0018s ]

[ 2017-10-24T15:31:11+08:00 ] 119.251.91.100 /yantian/TP3.2/index.php/Home/Index/web
INFO: [ app_init ] --START--
INFO: Run Behavior\BuildLiteBehavior [ RunTime:0.000014s ]
INFO: [ app_init ] --END-- [ RunTime:0.000261s ]
INFO: [ app_begin ] --START--
INFO: Run Behavior\ReadHtmlCacheBehavior [ RunTime:0.000322s ]
INFO: [ app_begin ] --END-- [ RunTime:0.000360s ]
NOTIC: [8] Undefined index: account /var/www/html/yantian/TP3.2/Application/Home/Controller/IndexController.class.php 第 9 行.
NOTIC: [8] Undefined index: pwd /var/www/html/yantian/TP3.2/Application/Home/Controller/IndexController.class.php 第 10 行.
SQL: SHOW COLUMNS FROM `yixue_login` [ RunTime:0.0021s ]
SQL: SELECT * FROM `yixue_login` WHERE ( login_account = '' and login_pwd = '' )  [ RunTime:0.0017s ]

[ 2017-10-24T15:31:47+08:00 ] 119.251.91.100 /yantian/TP3.2/index.php/Home/Index/web
INFO: [ app_init ] --START--
INFO: Run Behavior\BuildLiteBehavior [ RunTime:0.000012s ]
INFO: [ app_init ] --END-- [ RunTime:0.000215s ]
INFO: [ app_begin ] --START--
INFO: Run Behavior\ReadHtmlCacheBehavior [ RunTime:0.000264s ]
INFO: [ app_begin ] --END-- [ RunTime:0.000299s ]
NOTIC: [8] Undefined index: account /var/www/html/yantian/TP3.2/Application/Home/Controller/IndexController.class.php 第 9 行.
NOTIC: [8] Undefined index: pwd /var/www/html/yantian/TP3.2/Application/Home/Controller/IndexController.class.php 第 10 行.
SQL: SHOW COLUMNS FROM `yixue_login` [ RunTime:0.0021s ]
SQL: SELECT * FROM `yixue_login` WHERE ( login_account = '' and login_pwd = '' )  [ RunTime:0.0018s ]

[ 2017-10-24T15:31:48+08:00 ] 119.251.91.100 /yantian/TP3.2/index.php/Home/Index/web
INFO: [ app_init ] --START--
INFO: Run Behavior\BuildLiteBehavior [ RunTime:0.000012s ]
INFO: [ app_init ] --END-- [ RunTime:0.000226s ]
INFO: [ app_begin ] --START--
INFO: Run Behavior\ReadHtmlCacheBehavior [ RunTime:0.000284s ]
INFO: [ app_begin ] --END-- [ RunTime:0.000318s ]
NOTIC: [8] Undefined index: account /var/www/html/yantian/TP3.2/Application/Home/Controller/IndexController.class.php 第 9 行.
NOTIC: [8] Undefined index: pwd /var/www/html/yantian/TP3.2/Application/Home/Controller/IndexController.class.php 第 10 行.
SQL: SHOW COLUMNS FROM `yixue_login` [ RunTime:0.0021s ]
SQL: SELECT * FROM `yixue_login` WHERE ( login_account = '' and login_pwd = '' )  [ RunTime:0.0017s ]

[ 2017-10-24T15:33:25+08:00 ] 119.251.91.100 /yantian/TP3.2/index.php/Home/Index/web
INFO: [ app_init ] --START--
INFO: Run Behavior\BuildLiteBehavior [ RunTime:0.000012s ]
INFO: [ app_init ] --END-- [ RunTime:0.000224s ]
INFO: [ app_begin ] --START--
INFO: Run Behavior\ReadHtmlCacheBehavior [ RunTime:0.000269s ]
INFO: [ app_begin ] --END-- [ RunTime:0.000304s ]
NOTIC: [8] Undefined index: account /var/www/html/yantian/TP3.2/Application/Home/Controller/IndexController.class.php 第 9 行.
NOTIC: [8] Undefined index: pwd /var/www/html/yantian/TP3.2/Application/Home/Controller/IndexController.class.php 第 10 行.
SQL: SHOW COLUMNS FROM `yixue_login` [ RunTime:0.0021s ]
SQL: SELECT * FROM `yixue_login` WHERE ( login_account = '' and login_pwd = '' )  [ RunTime:0.0017s ]

[ 2017-10-24T15:33:41+08:00 ] 119.251.91.100 /yantian/TP3.2/index.php/Home/Index/web
INFO: [ app_init ] --START--
INFO: Run Behavior\BuildLiteBehavior [ RunTime:0.000012s ]
INFO: [ app_init ] --END-- [ RunTime:0.000235s ]
INFO: [ app_begin ] --START--
INFO: Run Behavior\ReadHtmlCacheBehavior [ RunTime:0.000270s ]
INFO: [ app_begin ] --END-- [ RunTime:0.000302s ]
NOTIC: [8] Undefined index: account /var/www/html/yantian/TP3.2/Application/Home/Controller/IndexController.class.php 第 9 行.
NOTIC: [8] Undefined index: pwd /var/www/html/yantian/TP3.2/Application/Home/Controller/IndexController.class.php 第 10 行.
SQL: SHOW COLUMNS FROM `yixue_login` [ RunTime:0.0021s ]
SQL: SELECT * FROM `yixue_login` WHERE ( login_account = '' and login_pwd = '' )  [ RunTime:0.0017s ]

[ 2017-10-24T15:34:18+08:00 ] 119.251.91.100 /yantian/TP3.2/
INFO: [ app_init ] --START--
INFO: Run Behavior\BuildLiteBehavior [ RunTime:0.000013s ]
INFO: [ app_init ] --END-- [ RunTime:0.000264s ]
INFO: [ app_begin ] --START--
INFO: Run Behavior\ReadHtmlCacheBehavior [ RunTime:0.000306s ]
INFO: [ app_begin ] --END-- [ RunTime:0.000345s ]
INFO: [ view_parse ] --START--
INFO: [ template_filter ] --START--
INFO: Run Behavior\ContentReplaceBehavior [ RunTime:0.000028s ]
INFO: [ template_filter ] --END-- [ RunTime:0.000061s ]
INFO: Run Behavior\ParseTemplateBehavior [ RunTime:0.003276s ]
INFO: [ view_parse ] --END-- [ RunTime:0.003308s ]
INFO: [ view_filter ] --START--
INFO: Run Behavior\WriteHtmlCacheBehavior [ RunTime:0.000100s ]
INFO: [ view_filter ] --END-- [ RunTime:0.000128s ]
INFO: [ app_end ] --START--
INFO: Run Behavior\ShowPageTraceBehavior [ RunTime:0.000288s ]
INFO: [ app_end ] --END-- [ RunTime:0.000317s ]

[ 2017-10-24T15:39:52+08:00 ] 119.251.91.100 /yantian/TP3.2/
INFO: [ app_init ] --START--
INFO: Run Behavior\BuildLiteBehavior [ RunTime:0.000013s ]
INFO: [ app_init ] --END-- [ RunTime:0.000256s ]
INFO: [ app_begin ] --START--
INFO: Run Behavior\ReadHtmlCacheBehavior [ RunTime:0.000285s ]
INFO: [ app_begin ] --END-- [ RunTime:0.000321s ]
INFO: [ view_parse ] --START--
INFO: [ template_filter ] --START--
INFO: Run Behavior\ContentReplaceBehavior [ RunTime:0.000029s ]
INFO: [ template_filter ] --END-- [ RunTime:0.000062s ]
INFO: Run Behavior\ParseTemplateBehavior [ RunTime:0.003353s ]
INFO: [ view_parse ] --END-- [ RunTime:0.003384s ]
INFO: [ view_filter ] --START--
INFO: Run Behavior\WriteHtmlCacheBehavior [ RunTime:0.000095s ]
INFO: [ view_filter ] --END-- [ RunTime:0.000119s ]
INFO: [ app_end ] --START--
INFO: Run Behavior\ShowPageTraceBehavior [ RunTime:0.000276s ]
INFO: [ app_end ] --END-- [ RunTime:0.000329s ]

[ 2017-10-24T15:39:58+08:00 ] 119.251.91.100 /yantian/TP3.2/index.php/Home/index/web.html
INFO: [ app_init ] --START--
INFO: Run Behavior\BuildLiteBehavior [ RunTime:0.000012s ]
INFO: [ app_init ] --END-- [ RunTime:0.000244s ]
INFO: [ app_begin ] --START--
INFO: Run Behavior\ReadHtmlCacheBehavior [ RunTime:0.000291s ]
INFO: [ app_begin ] --END-- [ RunTime:0.000341s ]
SQL: SHOW COLUMNS FROM `yixue_login` [ RunTime:0.0021s ]
SQL: SELECT * FROM `yixue_login` WHERE ( login_account = 'yantian' and login_pwd = '111' )  [ RunTime:0.0017s ]

[ 2017-10-24T15:40:20+08:00 ] 119.251.91.100 /yantian/TP3.2/index.php/Home/index/web.html
INFO: [ app_init ] --START--
INFO: Run Behavior\BuildLiteBehavior [ RunTime:0.000013s ]
INFO: [ app_init ] --END-- [ RunTime:0.000251s ]
INFO: [ app_begin ] --START--
INFO: Run Behavior\ReadHtmlCacheBehavior [ RunTime:0.000310s ]
INFO: [ app_begin ] --END-- [ RunTime:0.000349s ]
SQL: SHOW COLUMNS FROM `yixue_login` [ RunTime:0.0021s ]
SQL: SELECT * FROM `yixue_login` WHERE ( login_account = 'yantian' and login_pwd = '111' )  [ RunTime:0.0017s ]
INFO: [ app_end ] --START--
INFO: Run Behavior\ShowPageTraceBehavior [ RunTime:0.000308s ]
INFO: [ app_end ] --END-- [ RunTime:0.000346s ]

[ 2017-10-24T15:40:24+08:00 ] 119.251.91.100 /yantian/TP3.2/index.php/Home/index/web.html
INFO: [ app_init ] --START--
INFO: Run Behavior\BuildLiteBehavior [ RunTime:0.000011s ]
INFO: [ app_init ] --END-- [ RunTime:0.000221s ]
INFO: [ app_begin ] --START--
INFO: Run Behavior\ReadHtmlCacheBehavior [ RunTime:0.000275s ]
INFO: [ app_begin ] --END-- [ RunTime:0.000310s ]
SQL: SHOW COLUMNS FROM `yixue_login` [ RunTime:0.0020s ]
SQL: SELECT * FROM `yixue_login` WHERE ( login_account = 'yantian' and login_pwd = '111' )  [ RunTime:0.0017s ]
INFO: [ app_end ] --START--
INFO: Run Behavior\ShowPageTraceBehavior [ RunTime:0.000295s ]
INFO: [ app_end ] --END-- [ RunTime:0.000340s ]

[ 2017-10-24T15:42:11+08:00 ] 119.251.91.100 /yantian/TP3.2/index.php/Home/index/web.html
INFO: [ app_init ] --START--
INFO: Run Behavior\BuildLiteBehavior [ RunTime:0.000011s ]
INFO: [ app_init ] --END-- [ RunTime:0.000231s ]
INFO: [ app_begin ] --START--
INFO: Run Behavior\ReadHtmlCacheBehavior [ RunTime:0.000279s ]
INFO: [ app_begin ] --END-- [ RunTime:0.000313s ]
NOTIC: [8] Undefined index: account /var/www/html/yantian/TP3.2/Application/Home/Controller/IndexController.class.php 第 9 行.
NOTIC: [8] Undefined index: pwd /var/www/html/yantian/TP3.2/Application/Home/Controller/IndexController.class.php 第 10 行.
SQL: SHOW COLUMNS FROM `yixue_login` [ RunTime:0.0021s ]
SQL: SELECT * FROM `yixue_login` WHERE ( login_account = '' and login_pwd = '' )  [ RunTime:0.0017s ]
INFO: [ app_end ] --START--
INFO: Run Behavior\ShowPageTraceBehavior [ RunTime:0.000314s ]
INFO: [ app_end ] --END-- [ RunTime:0.000353s ]

[ 2017-10-24T15:42:16+08:00 ] 119.251.91.100 /yantian/TP3.2/
INFO: [ app_init ] --START--
INFO: Run Behavior\BuildLiteBehavior [ RunTime:0.000011s ]
INFO: [ app_init ] --END-- [ RunTime:0.000207s ]
INFO: [ app_begin ] --START--
INFO: Run Behavior\ReadHtmlCacheBehavior [ RunTime:0.000262s ]
INFO: [ app_begin ] --END-- [ RunTime:0.000296s ]
INFO: [ view_parse ] --START--
INFO: [ template_filter ] --START--
INFO: Run Behavior\ContentReplaceBehavior [ RunTime:0.000025s ]
INFO: [ template_filter ] --END-- [ RunTime:0.000057s ]
INFO: Run Behavior\ParseTemplateBehavior [ RunTime:0.002980s ]
INFO: [ view_parse ] --END-- [ RunTime:0.003011s ]
INFO: [ view_filter ] --START--
INFO: Run Behavior\WriteHtmlCacheBehavior [ RunTime:0.000097s ]
INFO: [ view_filter ] --END-- [ RunTime:0.000121s ]
INFO: [ app_end ] --START--
INFO: Run Behavior\ShowPageTraceBehavior [ RunTime:0.000342s ]
INFO: [ app_end ] --END-- [ RunTime:0.000369s ]

[ 2017-10-24T15:42:17+08:00 ] 119.251.91.100 /yantian/TP3.2/index.php/Home/index/web.html
INFO: [ app_init ] --START--
INFO: Run Behavior\BuildLiteBehavior [ RunTime:0.000012s ]
INFO: [ app_init ] --END-- [ RunTime:0.000238s ]
INFO: [ app_begin ] --START--
INFO: Run Behavior\ReadHtmlCacheBehavior [ RunTime:0.000263s ]
INFO: [ app_begin ] --END-- [ RunTime:0.000310s ]
NOTIC: [8] Undefined index: account /var/www/html/yantian/TP3.2/Application/Home/Controller/IndexController.class.php 第 9 行.
NOTIC: [8] Undefined index: pwd /var/www/html/yantian/TP3.2/Application/Home/Controller/IndexController.class.php 第 10 行.
SQL: SHOW COLUMNS FROM `yixue_login` [ RunTime:0.0021s ]
SQL: SELECT * FROM `yixue_login` WHERE ( login_account = '' and login_pwd = '' )  [ RunTime:0.0017s ]
INFO: [ app_end ] --START--
INFO: Run Behavior\ShowPageTraceBehavior [ RunTime:0.000323s ]
INFO: [ app_end ] --END-- [ RunTime:0.000358s ]

[ 2017-10-24T15:42:40+08:00 ] 119.251.91.100 /yantian/TP3.2/
INFO: [ app_init ] --START--
INFO: Run Behavior\BuildLiteBehavior [ RunTime:0.000017s ]
INFO: [ app_init ] --END-- [ RunTime:0.000274s ]
INFO: [ app_begin ] --START--
INFO: Run Behavior\ReadHtmlCacheBehavior [ RunTime:0.000310s ]
INFO: [ app_begin ] --END-- [ RunTime:0.000349s ]
INFO: [ view_parse ] --START--
INFO: [ template_filter ] --START--
INFO: Run Behavior\ContentReplaceBehavior [ RunTime:0.000027s ]
INFO: [ template_filter ] --END-- [ RunTime:0.000060s ]
INFO: Run Behavior\ParseTemplateBehavior [ RunTime:0.003323s ]
INFO: [ view_parse ] --END-- [ RunTime:0.003355s ]
INFO: [ view_filter ] --START--
INFO: Run Behavior\WriteHtmlCacheBehavior [ RunTime:0.000113s ]
INFO: [ view_filter ] --END-- [ RunTime:0.000138s ]
INFO: [ app_end ] --START--
INFO: Run Behavior\ShowPageTraceBehavior [ RunTime:0.000286s ]
INFO: [ app_end ] --END-- [ RunTime:0.000313s ]

[ 2017-10-24T15:42:45+08:00 ] 119.251.91.100 /yantian/TP3.2/
INFO: [ app_init ] --START--
INFO: Run Behavior\BuildLiteBehavior [ RunTime:0.000012s ]
INFO: [ app_init ] --END-- [ RunTime:0.000220s ]
INFO: [ app_begin ] --START--
INFO: Run Behavior\ReadHtmlCacheBehavior [ RunTime:0.000269s ]
INFO: [ app_begin ] --END-- [ RunTime:0.000319s ]
INFO: [ view_parse ] --START--
INFO: [ template_filter ] --START--
INFO: Run Behavior\ContentReplaceBehavior [ RunTime:0.000028s ]
INFO: [ template_filter ] --END-- [ RunTime:0.000069s ]
INFO: Run Behavior\ParseTemplateBehavior [ RunTime:0.003239s ]
INFO: [ view_parse ] --END-- [ RunTime:0.003271s ]
INFO: [ view_filter ] --START--
INFO: Run Behavior\WriteHtmlCacheBehavior [ RunTime:0.000100s ]
INFO: [ view_filter ] --END-- [ RunTime:0.000144s ]
INFO: [ app_end ] --START--
INFO: Run Behavior\ShowPageTraceBehavior [ RunTime:0.000293s ]
INFO: [ app_end ] --END-- [ RunTime:0.000322s ]

[ 2017-10-24T15:42:51+08:00 ] 119.251.91.100 /yantian/TP3.2/index.php/Home/index/web.html
INFO: [ app_init ] --START--
INFO: Run Behavior\BuildLiteBehavior [ RunTime:0.000011s ]
INFO: [ app_init ] --END-- [ RunTime:0.000231s ]
INFO: [ app_begin ] --START--
INFO: Run Behavior\ReadHtmlCacheBehavior [ RunTime:0.000253s ]
INFO: [ app_begin ] --END-- [ RunTime:0.000289s ]
SQL: SHOW COLUMNS FROM `yixue_login` [ RunTime:0.0021s ]
SQL: SELECT * FROM `yixue_login` WHERE ( login_account = 'yantian' and login_pwd = '111' )  [ RunTime:0.0017s ]
INFO: [ app_end ] --START--
INFO: Run Behavior\ShowPageTraceBehavior [ RunTime:0.000307s ]
INFO: [ app_end ] --END-- [ RunTime:0.000339s ]

[ 2017-10-24T15:43:07+08:00 ] 119.251.91.100 /yantian/TP3.2/index.php/Home/index/web.html
INFO: [ app_init ] --START--
INFO: Run Behavior\BuildLiteBehavior [ RunTime:0.000013s ]
INFO: [ app_init ] --END-- [ RunTime:0.000268s ]
INFO: [ app_begin ] --START--
INFO: Run Behavior\ReadHtmlCacheBehavior [ RunTime:0.000315s ]
INFO: [ app_begin ] --END-- [ RunTime:0.000354s ]
NOTIC: [8] Undefined index: account /var/www/html/yantian/TP3.2/Application/Home/Controller/IndexController.class.php 第 9 行.
NOTIC: [8] Undefined index: pwd /var/www/html/yantian/TP3.2/Application/Home/Controller/IndexController.class.php 第 10 行.
SQL: SHOW COLUMNS FROM `yixue_login` [ RunTime:0.0021s ]
SQL: SELECT * FROM `yixue_login` WHERE ( login_account = '' and login_pwd = '' )  [ RunTime:0.0017s ]
INFO: [ app_end ] --START--
INFO: Run Behavior\ShowPageTraceBehavior [ RunTime:0.000304s ]
INFO: [ app_end ] --END-- [ RunTime:0.000348s ]

[ 2017-10-24T15:43:13+08:00 ] 119.251.91.100 /yantian/TP3.2/index.php/Home/index/web.html
INFO: [ app_init ] --START--
INFO: Run Behavior\BuildLiteBehavior [ RunTime:0.000027s ]
INFO: [ app_init ] --END-- [ RunTime:0.000262s ]
INFO: [ app_begin ] --START--
INFO: Run Behavior\ReadHtmlCacheBehavior [ RunTime:0.000293s ]
INFO: [ app_begin ] --END-- [ RunTime:0.000334s ]
SQL: SHOW COLUMNS FROM `yixue_login` [ RunTime:0.0021s ]
SQL: SELECT * FROM `yixue_login` WHERE ( login_account = 'yantian' and login_pwd = '111' )  [ RunTime:0.0018s ]
INFO: [ app_end ] --START--
INFO: Run Behavior\ShowPageTraceBehavior [ RunTime:0.000312s ]
INFO: [ app_end ] --END-- [ RunTime:0.000350s ]

[ 2017-10-24T15:43:28+08:00 ] 119.251.91.100 /yantian/TP3.2/index.php/Home/index/web.html
INFO: [ app_init ] --START--
INFO: Run Behavior\BuildLiteBehavior [ RunTime:0.000011s ]
INFO: [ app_init ] --END-- [ RunTime:0.000211s ]
INFO: [ app_begin ] --START--
INFO: Run Behavior\ReadHtmlCacheBehavior [ RunTime:0.000257s ]
INFO: [ app_begin ] --END-- [ RunTime:0.000291s ]
NOTIC: [8] Undefined index: account /var/www/html/yantian/TP3.2/Application/Home/Controller/IndexController.class.php 第 9 行.
NOTIC: [8] Undefined index: pwd /var/www/html/yantian/TP3.2/Application/Home/Controller/IndexController.class.php 第 10 行.
SQL: SHOW COLUMNS FROM `yixue_login` [ RunTime:0.0022s ]
SQL: SELECT * FROM `yixue_login` WHERE ( login_account = '' and login_pwd = '' )  [ RunTime:0.0018s ]
INFO: [ app_end ] --START--
INFO: Run Behavior\ShowPageTraceBehavior [ RunTime:0.000378s ]
INFO: [ app_end ] --END-- [ RunTime:0.000419s ]

[ 2017-10-24T15:43:31+08:00 ] 119.251.91.100 /yantian/TP3.2/index.php/Home/index/web.html
INFO: [ app_init ] --START--
INFO: Run Behavior\BuildLiteBehavior [ RunTime:0.000011s ]
INFO: [ app_init ] --END-- [ RunTime:0.000205s ]
INFO: [ app_begin ] --START--
INFO: Run Behavior\ReadHtmlCacheBehavior [ RunTime:0.000257s ]
INFO: [ app_begin ] --END-- [ RunTime:0.000290s ]
SQL: SHOW COLUMNS FROM `yixue_login` [ RunTime:0.0021s ]
SQL: SELECT * FROM `yixue_login` WHERE ( login_account = 'yantian' and login_pwd = '111' )  [ RunTime:0.0017s ]
INFO: [ app_end ] --START--
INFO: Run Behavior\ShowPageTraceBehavior [ RunTime:0.000294s ]
INFO: [ app_end ] --END-- [ RunTime:0.000329s ]

[ 2017-10-24T15:46:59+08:00 ] 119.251.91.100 /yantian/TP3.2/index.php/Home/index/web.html
INFO: [ app_init ] --START--
INFO: Run Behavior\BuildLiteBehavior [ RunTime:0.000013s ]
INFO: [ app_init ] --END-- [ RunTime:0.000241s ]
INFO: [ app_begin ] --START--
INFO: Run Behavior\ReadHtmlCacheBehavior [ RunTime:0.000305s ]
INFO: [ app_begin ] --END-- [ RunTime:0.000344s ]
NOTIC: [8] Undefined index: account /var/www/html/yantian/TP3.2/Application/Home/Controller/IndexController.class.php 第 9 行.
NOTIC: [8] Undefined index: pwd /var/www/html/yantian/TP3.2/Application/Home/Controller/IndexController.class.php 第 10 行.
SQL: SHOW COLUMNS FROM `yixue_login` [ RunTime:0.0021s ]
SQL: SELECT * FROM `yixue_login` WHERE ( login_account = '' and login_pwd = '' )  [ RunTime:0.0017s ]
INFO: [ app_end ] --START--
INFO: Run Behavior\ShowPageTraceBehavior [ RunTime:0.000296s ]
INFO: [ app_end ] --END-- [ RunTime:0.000327s ]

[ 2017-10-24T15:47:25+08:00 ] 119.251.91.100 /yantian/TP3.2/index.php/Home/index/web.html
INFO: [ app_init ] --START--
INFO: Run Behavior\BuildLiteBehavior [ RunTime:0.000014s ]
INFO: [ app_init ] --END-- [ RunTime:0.000247s ]
INFO: [ app_begin ] --START--
INFO: Run Behavior\ReadHtmlCacheBehavior [ RunTime:0.000299s ]
INFO: [ app_begin ] --END-- [ RunTime:0.000338s ]
NOTIC: [8] Undefined index: account /var/www/html/yantian/TP3.2/Application/Home/Controller/IndexController.class.php 第 9 行.
NOTIC: [8] Undefined index: pwd /var/www/html/yantian/TP3.2/Application/Home/Controller/IndexController.class.php 第 10 行.
SQL: SHOW COLUMNS FROM `yixue_login` [ RunTime:0.0021s ]
SQL: SELECT * FROM `yixue_login` WHERE ( login_account = '' and login_pwd = '' )  [ RunTime:0.0017s ]
INFO: [ app_end ] --START--
INFO: Run Behavior\ShowPageTraceBehavior [ RunTime:0.000295s ]
INFO: [ app_end ] --END-- [ RunTime:0.000327s ]

[ 2017-10-24T15:47:28+08:00 ] 119.251.91.100 /yantian/TP3.2/index.php/Home/index/web
INFO: [ app_init ] --START--
INFO: Run Behavior\BuildLiteBehavior [ RunTime:0.000013s ]
INFO: [ app_init ] --END-- [ RunTime:0.000258s ]
INFO: [ app_begin ] --START--
INFO: Run Behavior\ReadHtmlCacheBehavior [ RunTime:0.000294s ]
INFO: [ app_begin ] --END-- [ RunTime:0.000343s ]
NOTIC: [8] Undefined index: account /var/www/html/yantian/TP3.2/Application/Home/Controller/IndexController.class.php 第 9 行.
NOTIC: [8] Undefined index: pwd /var/www/html/yantian/TP3.2/Application/Home/Controller/IndexController.class.php 第 10 行.
SQL: SHOW COLUMNS FROM `yixue_login` [ RunTime:0.0021s ]
SQL: SELECT * FROM `yixue_login` WHERE ( login_account = '' and login_pwd = '' )  [ RunTime:0.0017s ]
INFO: [ app_end ] --START--
INFO: Run Behavior\ShowPageTraceBehavior [ RunTime:0.000311s ]
INFO: [ app_end ] --END-- [ RunTime:0.000342s ]

[ 2017-10-24T15:47:43+08:00 ] 140.206.161.160 /yantian/TP3.2/index.php/Home/index/web
INFO: [ app_init ] --START--
INFO: Run Behavior\BuildLiteBehavior [ RunTime:0.000013s ]
INFO: [ app_init ] --END-- [ RunTime:0.000235s ]
INFO: [ app_begin ] --START--
INFO: Run Behavior\ReadHtmlCacheBehavior [ RunTime:0.000304s ]
INFO: [ app_begin ] --END-- [ RunTime:0.000340s ]
NOTIC: [8] Undefined index: account /var/www/html/yantian/TP3.2/Application/Home/Controller/IndexController.class.php 第 9 行.
NOTIC: [8] Undefined index: pwd /var/www/html/yantian/TP3.2/Application/Home/Controller/IndexController.class.php 第 10 行.
SQL: SHOW COLUMNS FROM `yixue_login` [ RunTime:0.0020s ]
SQL: SELECT * FROM `yixue_login` WHERE ( login_account = '' and login_pwd = '' )  [ RunTime:0.0018s ]
INFO: [ app_end ] --START--
INFO: Run Behavior\ShowPageTraceBehavior [ RunTime:0.000295s ]
INFO: [ app_end ] --END-- [ RunTime:0.000327s ]

[ 2017-10-24T15:47:44+08:00 ] 101.226.65.104 /yantian/TP3.2/index.php/Home/index/web
INFO: [ app_init ] --START--
INFO: Run Behavior\BuildLiteBehavior [ RunTime:0.000011s ]
INFO: [ app_init ] --END-- [ RunTime:0.000216s ]
INFO: [ app_begin ] --START--
INFO: Run Behavior\ReadHtmlCacheBehavior [ RunTime:0.000263s ]
INFO: [ app_begin ] --END-- [ RunTime:0.000304s ]
NOTIC: [8] Undefined index: account /var/www/html/yantian/TP3.2/Application/Home/Controller/IndexController.class.php 第 9 行.
NOTIC: [8] Undefined index: pwd /var/www/html/yantian/TP3.2/Application/Home/Controller/IndexController.class.php 第 10 行.
SQL: SHOW COLUMNS FROM `yixue_login` [ RunTime:0.0020s ]
SQL: SELECT * FROM `yixue_login` WHERE ( login_account = '' and login_pwd = '' )  [ RunTime:0.0017s ]
INFO: [ app_end ] --START--
INFO: Run Behavior\ShowPageTraceBehavior [ RunTime:0.000314s ]
INFO: [ app_end ] --END-- [ RunTime:0.000348s ]

[ 2017-10-24T15:47:50+08:00 ] 124.202.214.117 /yantian/TP3.2/index.php/Home/index/web
INFO: [ app_init ] --START--
INFO: Run Behavior\BuildLiteBehavior [ RunTime:0.000012s ]
INFO: [ app_init ] --END-- [ RunTime:0.000212s ]
INFO: [ app_begin ] --START--
INFO: Run Behavior\ReadHtmlCacheBehavior [ RunTime:0.000259s ]
INFO: [ app_begin ] --END-- [ RunTime:0.000316s ]
NOTIC: [8] Undefined index: account /var/www/html/yantian/TP3.2/Application/Home/Controller/IndexController.class.php 第 9 行.
NOTIC: [8] Undefined index: pwd /var/www/html/yantian/TP3.2/Application/Home/Controller/IndexController.class.php 第 10 行.
SQL: SHOW COLUMNS FROM `yixue_login` [ RunTime:0.0021s ]
SQL: SELECT * FROM `yixue_login` WHERE ( login_account = '' and login_pwd = '' )  [ RunTime:0.0017s ]
INFO: [ app_end ] --START--
INFO: Run Behavior\ShowPageTraceBehavior [ RunTime:0.000315s ]
INFO: [ app_end ] --END-- [ RunTime:0.000346s ]

[ 2017-10-24T15:53:56+08:00 ] 124.202.214.117 /yantian/TP3.2/index.php/Home/index/web
INFO: [ app_init ] --START--
INFO: Run Behavior\BuildLiteBehavior [ RunTime:0.000012s ]
INFO: [ app_init ] --END-- [ RunTime:0.000217s ]
INFO: [ app_begin ] --START--
INFO: Run Behavior\ReadHtmlCacheBehavior [ RunTime:0.000262s ]
INFO: [ app_begin ] --END-- [ RunTime:0.000309s ]
SQL: SHOW COLUMNS FROM `yixue_login` [ RunTime:0.0021s ]
SQL: SELECT * FROM `yixue_login` WHERE ( login_account = 'fz' and login_pwd = '123' )  [ RunTime:0.0018s ]
INFO: [ app_end ] --START--
INFO: Run Behavior\ShowPageTraceBehavior [ RunTime:0.000335s ]
INFO: [ app_end ] --END-- [ RunTime:0.000379s ]

[ 2017-10-24T16:04:09+08:00 ] 119.251.91.100 /yantian/TP3.2/
INFO: [ app_init ] --START--
INFO: Run Behavior\BuildLiteBehavior [ RunTime:0.000012s ]
INFO: [ app_init ] --END-- [ RunTime:0.000238s ]
INFO: [ app_begin ] --START--
INFO: Run Behavior\ReadHtmlCacheBehavior [ RunTime:0.000289s ]
INFO: [ app_begin ] --END-- [ RunTime:0.000337s ]
INFO: [ view_parse ] --START--
INFO: [ template_filter ] --START--
INFO: Run Behavior\ContentReplaceBehavior [ RunTime:0.000025s ]
INFO: [ template_filter ] --END-- [ RunTime:0.000058s ]
INFO: Run Behavior\ParseTemplateBehavior [ RunTime:0.003120s ]
INFO: [ view_parse ] --END-- [ RunTime:0.003152s ]
INFO: [ view_filter ] --START--
INFO: Run Behavior\WriteHtmlCacheBehavior [ RunTime:0.000107s ]
INFO: [ view_filter ] --END-- [ RunTime:0.000143s ]
INFO: [ app_end ] --START--
INFO: Run Behavior\ShowPageTraceBehavior [ RunTime:0.000286s ]
INFO: [ app_end ] --END-- [ RunTime:0.000322s ]

[ 2017-10-24T16:12:03+08:00 ] 124.202.214.117 /yantian/TP3.2/index.php/Home/index/web
INFO: [ app_init ] --START--
INFO: Run Behavior\BuildLiteBehavior [ RunTime:0.000012s ]
INFO: [ app_init ] --END-- [ RunTime:0.000251s ]
INFO: [ app_begin ] --START--
INFO: Run Behavior\ReadHtmlCacheBehavior [ RunTime:0.000273s ]
INFO: [ app_begin ] --END-- [ RunTime:0.000310s ]

[ 2017-10-24T16:14:07+08:00 ] 124.202.214.117 /yantian/TP3.2/index.php/Home/index/web
INFO: [ app_init ] --START--
INFO: Run Behavior\BuildLiteBehavior [ RunTime:0.000011s ]
INFO: [ app_init ] --END-- [ RunTime:0.000232s ]
INFO: [ app_begin ] --START--
INFO: Run Behavior\ReadHtmlCacheBehavior [ RunTime:0.000284s ]
INFO: [ app_begin ] --END-- [ RunTime:0.000319s ]

[ 2017-10-24T16:14:08+08:00 ] 124.202.214.117 /yantian/TP3.2/index.php/Home/index/web
INFO: [ app_init ] --START--
INFO: Run Behavior\BuildLiteBehavior [ RunTime:0.000012s ]
INFO: [ app_init ] --END-- [ RunTime:0.000223s ]
INFO: [ app_begin ] --START--
INFO: Run Behavior\ReadHtmlCacheBehavior [ RunTime:0.000273s ]
INFO: [ app_begin ] --END-- [ RunTime:0.000309s ]

[ 2017-10-24T16:15:36+08:00 ] 119.251.91.100 /yantian/TP3.2/index.php/Home/index/web
INFO: [ app_init ] --START--
INFO: Run Behavior\BuildLiteBehavior [ RunTime:0.000013s ]
INFO: [ app_init ] --END-- [ RunTime:0.000237s ]
INFO: [ app_begin ] --START--
INFO: Run Behavior\ReadHtmlCacheBehavior [ RunTime:0.000308s ]
INFO: [ app_begin ] --END-- [ RunTime:0.000346s ]

[ 2017-10-24T16:15:43+08:00 ] 119.251.91.100 /yantian/TP3.2/index.php/Home/index/web
INFO: [ app_init ] --START--
INFO: Run Behavior\BuildLiteBehavior [ RunTime:0.000012s ]
INFO: [ app_init ] --END-- [ RunTime:0.000221s ]
INFO: [ app_begin ] --START--
INFO: Run Behavior\ReadHtmlCacheBehavior [ RunTime:0.000270s ]
INFO: [ app_begin ] --END-- [ RunTime:0.000304s ]

[ 2017-10-24T16:16:12+08:00 ] 119.251.91.100 /yantian/TP3.2/index.php/Home/index/web&account=yantian
INFO: [ app_init ] --START--
INFO: Run Behavior\BuildLiteBehavior [ RunTime:0.000011s ]
INFO: [ app_init ] --END-- [ RunTime:0.000216s ]
INFO: [ app_begin ] --START--
INFO: Run Behavior\ReadHtmlCacheBehavior [ RunTime:0.000260s ]
INFO: [ app_begin ] --END-- [ RunTime:0.000296s ]
ERR: 非法操作:web&account=yantian

[ 2017-10-24T16:16:19+08:00 ] 119.251.91.100 /yantian/TP3.2/index.php/Home/index/web.html
INFO: [ app_init ] --START--
INFO: Run Behavior\BuildLiteBehavior [ RunTime:0.000012s ]
INFO: [ app_init ] --END-- [ RunTime:0.000208s ]
INFO: [ app_begin ] --START--
INFO: Run Behavior\ReadHtmlCacheBehavior [ RunTime:0.000273s ]
INFO: [ app_begin ] --END-- [ RunTime:0.000306s ]

[ 2017-10-24T16:16:23+08:00 ] 119.251.91.100 /yantian/TP3.2/index.php/Home/index/web.html
INFO: [ app_init ] --START--
INFO: Run Behavior\BuildLiteBehavior [ RunTime:0.000012s ]
INFO: [ app_init ] --END-- [ RunTime:0.000243s ]
INFO: [ app_begin ] --START--
INFO: Run Behavior\ReadHtmlCacheBehavior [ RunTime:0.000308s ]
INFO: [ app_begin ] --END-- [ RunTime:0.000347s ]
SQL: SHOW COLUMNS FROM `yixue_login` [ RunTime:0.0021s ]
SQL: SELECT * FROM `yixue_login` WHERE ( login_account = 'yantian' and login_pwd = '111' )  [ RunTime:0.0017s ]
INFO: [ app_end ] --START--
INFO: Run Behavior\ShowPageTraceBehavior [ RunTime:0.000311s ]
INFO: [ app_end ] --END-- [ RunTime:0.000347s ]

[ 2017-10-24T16:16:27+08:00 ] 119.251.91.100 /yantian/TP3.2/index.php/Home/index/web.html
INFO: [ app_init ] --START--
INFO: Run Behavior\BuildLiteBehavior [ RunTime:0.000010s ]
INFO: [ app_init ] --END-- [ RunTime:0.000219s ]
INFO: [ app_begin ] --START--
INFO: Run Behavior\ReadHtmlCacheBehavior [ RunTime:0.000274s ]
INFO: [ app_begin ] --END-- [ RunTime:0.000308s ]
SQL: SHOW COLUMNS FROM `yixue_login` [ RunTime:0.0021s ]
SQL: SELECT * FROM `yixue_login` WHERE ( login_account = 'yantian' and login_pwd = '22' )  [ RunTime:0.0017s ]
INFO: [ app_end ] --START--
INFO: Run Behavior\ShowPageTraceBehavior [ RunTime:0.000300s ]
INFO: [ app_end ] --END-- [ RunTime:0.000333s ]

[ 2017-10-24T16:16:31+08:00 ] 119.251.91.100 /yantian/TP3.2/index.php/Home/index/web.html
INFO: [ app_init ] --START--
INFO: Run Behavior\BuildLiteBehavior [ RunTime:0.000013s ]
INFO: [ app_init ] --END-- [ RunTime:0.000253s ]
INFO: [ app_begin ] --START--
INFO: Run Behavior\ReadHtmlCacheBehavior [ RunTime:0.000294s ]
INFO: [ app_begin ] --END-- [ RunTime:0.000335s ]

[ 2017-10-24T16:16:45+08:00 ] 119.251.91.100 /yantian/TP3.2/index.php/Home/index/web
INFO: [ app_init ] --START--
INFO: Run Behavior\BuildLiteBehavior [ RunTime:0.000013s ]
INFO: [ app_init ] --END-- [ RunTime:0.000245s ]
INFO: [ app_begin ] --START--
INFO: Run Behavior\ReadHtmlCacheBehavior [ RunTime:0.000317s ]
INFO: [ app_begin ] --END-- [ RunTime:0.000357s ]

[ 2017-10-24T16:18:12+08:00 ] 124.202.214.117 /yantian/TP3.2/index.php/Home/index/web
INFO: [ app_init ] --START--
INFO: Run Behavior\BuildLiteBehavior [ RunTime:0.000012s ]
INFO: [ app_init ] --END-- [ RunTime:0.000248s ]
INFO: [ app_begin ] --START--
INFO: Run Behavior\ReadHtmlCacheBehavior [ RunTime:0.000271s ]
INFO: [ app_begin ] --END-- [ RunTime:0.000318s ]

[ 2017-10-24T16:18:15+08:00 ] 124.202.214.117 /yantian/TP3.2/index.php/Home/index/web
INFO: [ app_init ] --START--
INFO: Run Behavior\BuildLiteBehavior [ RunTime:0.000010s ]
INFO: [ app_init ] --END-- [ RunTime:0.000211s ]
INFO: [ app_begin ] --START--
INFO: Run Behavior\ReadHtmlCacheBehavior [ RunTime:0.000271s ]
INFO: [ app_begin ] --END-- [ RunTime:0.000305s ]

[ 2017-10-24T16:18:22+08:00 ] 119.251.91.100 /yantian/TP3.2/index.php/Home/index/web
INFO: [ app_init ] --START--
INFO: Run Behavior\BuildLiteBehavior [ RunTime:0.000028s ]
INFO: [ app_init ] --END-- [ RunTime:0.000242s ]
INFO: [ app_begin ] --START--
INFO: Run Behavior\ReadHtmlCacheBehavior [ RunTime:0.000271s ]
INFO: [ app_begin ] --END-- [ RunTime:0.000307s ]

[ 2017-10-24T16:20:15+08:00 ] 124.202.214.117 /yantian/TP3.2/index.php/Home/index/web
INFO: [ app_init ] --START--
INFO: Run Behavior\BuildLiteBehavior [ RunTime:0.000012s ]
INFO: [ app_init ] --END-- [ RunTime:0.000214s ]
INFO: [ app_begin ] --START--
INFO: Run Behavior\ReadHtmlCacheBehavior [ RunTime:0.000270s ]
INFO: [ app_begin ] --END-- [ RunTime:0.000305s ]
SQL: SHOW COLUMNS FROM `yixue_login` [ RunTime:0.0021s ]
SQL: SELECT * FROM `yixue_login` WHERE ( login_account = 'fz' and login_pwd = '123' )  [ RunTime:0.0017s ]
INFO: [ app_end ] --START--
INFO: Run Behavior\ShowPageTraceBehavior [ RunTime:0.000320s ]
INFO: [ app_end ] --END-- [ RunTime:0.000353s ]

[ 2017-10-24T16:21:39+08:00 ] 119.251.91.100 /yantian/TP3.2/index.php/Home/index/web
INFO: [ app_init ] --START--
INFO: Run Behavior\BuildLiteBehavior [ RunTime:0.000012s ]
INFO: [ app_init ] --END-- [ RunTime:0.000219s ]
INFO: [ app_begin ] --START--
INFO: Run Behavior\ReadHtmlCacheBehavior [ RunTime:0.000265s ]
INFO: [ app_begin ] --END-- [ RunTime:0.000301s ]

[ 2017-10-24T16:21:47+08:00 ] 119.251.91.100 /yantian/TP3.2/index.php/Home/index/web
INFO: [ app_init ] --START--
INFO: Run Behavior\BuildLiteBehavior [ RunTime:0.000012s ]
INFO: [ app_init ] --END-- [ RunTime:0.000230s ]
INFO: [ app_begin ] --START--
INFO: Run Behavior\ReadHtmlCacheBehavior [ RunTime:0.000265s ]
INFO: [ app_begin ] --END-- [ RunTime:0.000299s ]

[ 2017-10-24T16:23:30+08:00 ] 119.251.91.100 /yantian/TP3.2/index.php/Home/index/web
INFO: [ app_init ] --START--
INFO: Run Behavior\BuildLiteBehavior [ RunTime:0.000013s ]
INFO: [ app_init ] --END-- [ RunTime:0.000249s ]
INFO: [ app_begin ] --START--
INFO: Run Behavior\ReadHtmlCacheBehavior [ RunTime:0.000303s ]
INFO: [ app_begin ] --END-- [ RunTime:0.000344s ]
SQL: SHOW COLUMNS FROM `yixue_login` [ RunTime:0.0021s ]
SQL: SELECT * FROM `yixue_login` WHERE ( login_account = 'yantian' and login_pwd = '111' )  [ RunTime:0.0018s ]
INFO: [ app_end ] --START--
INFO: Run Behavior\ShowPageTraceBehavior [ RunTime:0.000307s ]
INFO: [ app_end ] --END-- [ RunTime:0.000341s ]

[ 2017-10-24T16:23:30+08:00 ] 124.202.214.117 /yantian/TP3.2/index.php/Home/index/web
INFO: [ app_init ] --START--
INFO: Run Behavior\BuildLiteBehavior [ RunTime:0.000013s ]
INFO: [ app_init ] --END-- [ RunTime:0.000244s ]
INFO: [ app_begin ] --START--
INFO: Run Behavior\ReadHtmlCacheBehavior [ RunTime:0.000314s ]
INFO: [ app_begin ] --END-- [ RunTime:0.000355s ]
SQL: SHOW COLUMNS FROM `yixue_login` [ RunTime:0.0021s ]
SQL: SELECT * FROM `yixue_login` WHERE ( login_account = 'fz' and login_pwd = '123' )  [ RunTime:0.0017s ]
INFO: [ app_end ] --START--
INFO: Run Behavior\ShowPageTraceBehavior [ RunTime:0.000319s ]
INFO: [ app_end ] --END-- [ RunTime:0.000358s ]

[ 2017-10-24T16:26:34+08:00 ] 119.251.91.100 /yantian/TP3.2/
INFO: [ app_init ] --START--
INFO: Run Behavior\BuildLiteBehavior [ RunTime:0.000012s ]
INFO: [ app_init ] --END-- [ RunTime:0.000225s ]
INFO: [ app_begin ] --START--
INFO: Run Behavior\ReadHtmlCacheBehavior [ RunTime:0.000264s ]
INFO: [ app_begin ] --END-- [ RunTime:0.000300s ]
INFO: [ view_parse ] --START--
INFO: [ template_filter ] --START--
INFO: Run Behavior\ContentReplaceBehavior [ RunTime:0.000033s ]
INFO: [ template_filter ] --END-- [ RunTime:0.000066s ]
INFO: Run Behavior\ParseTemplateBehavior [ RunTime:0.003267s ]
INFO: [ view_parse ] --END-- [ RunTime:0.003301s ]
INFO: [ view_filter ] --START--
INFO: Run Behavior\WriteHtmlCacheBehavior [ RunTime:0.000102s ]
INFO: [ view_filter ] --END-- [ RunTime:0.000127s ]
INFO: [ app_end ] --START--
INFO: Run Behavior\ShowPageTraceBehavior [ RunTime:0.000295s ]
INFO: [ app_end ] --END-- [ RunTime:0.000340s ]

[ 2017-10-24T16:27:41+08:00 ] 119.251.91.100 /yantian/TP3.2/
INFO: [ app_init ] --START--
INFO: Run Behavior\BuildLiteBehavior [ RunTime:0.000013s ]
INFO: [ app_init ] --END-- [ RunTime:0.000250s ]
INFO: [ app_begin ] --START--
INFO: Run Behavior\ReadHtmlCacheBehavior [ RunTime:0.000274s ]
INFO: [ app_begin ] --END-- [ RunTime:0.000310s ]
INFO: [ view_parse ] --START--
INFO: [ template_filter ] --START--
INFO: Run Behavior\ContentReplaceBehavior [ RunTime:0.000026s ]
INFO: [ template_filter ] --END-- [ RunTime:0.000059s ]
INFO: Run Behavior\ParseTemplateBehavior [ RunTime:0.003106s ]
INFO: [ view_parse ] --END-- [ RunTime:0.003138s ]
INFO: [ view_filter ] --START--
INFO: Run Behavior\WriteHtmlCacheBehavior [ RunTime:0.000105s ]
INFO: [ view_filter ] --END-- [ RunTime:0.000140s ]
INFO: [ app_end ] --START--
INFO: Run Behavior\ShowPageTraceBehavior [ RunTime:0.000432s ]
INFO: [ app_end ] --END-- [ RunTime:0.000492s ]

[ 2017-10-24T16:28:00+08:00 ] 119.251.91.100 /yantian/TP3.2/
INFO: [ app_init ] --START--
INFO: Run Behavior\BuildLiteBehavior [ RunTime:0.000013s ]
INFO: [ app_init ] --END-- [ RunTime:0.000221s ]
INFO: [ app_begin ] --START--
INFO: Run Behavior\ReadHtmlCacheBehavior [ RunTime:0.000260s ]
INFO: [ app_begin ] --END-- [ RunTime:0.000307s ]

[ 2017-10-24T16:28:26+08:00 ] 119.251.91.100 /yantian/TP3.2/
INFO: [ app_init ] --START--
INFO: Run Behavior\BuildLiteBehavior [ RunTime:0.000013s ]
INFO: [ app_init ] --END-- [ RunTime:0.000264s ]
INFO: [ app_begin ] --START--
INFO: Run Behavior\ReadHtmlCacheBehavior [ RunTime:0.000303s ]
INFO: [ app_begin ] --END-- [ RunTime:0.000344s ]
ERR: 非法操作:index

[ 2017-10-24T16:28:45+08:00 ] 119.251.91.100 /yantian/TP3.2/index.php/Home/index/web
INFO: [ app_init ] --START--
INFO: Run Behavior\BuildLiteBehavior [ RunTime:0.000012s ]
INFO: [ app_init ] --END-- [ RunTime:0.000215s ]
INFO: [ app_begin ] --START--
INFO: Run Behavior\ReadHtmlCacheBehavior [ RunTime:0.000257s ]
INFO: [ app_begin ] --END-- [ RunTime:0.000299s ]

[ 2017-10-24T16:28:53+08:00 ] 119.251.91.100 /yantian/TP3.2/index.php/Home/index/web
INFO: [ app_init ] --START--
INFO: Run Behavior\BuildLiteBehavior [ RunTime:0.000011s ]
INFO: [ app_init ] --END-- [ RunTime:0.000224s ]
INFO: [ app_begin ] --START--
INFO: Run Behavior\ReadHtmlCacheBehavior [ RunTime:0.000299s ]
INFO: [ app_begin ] --END-- [ RunTime:0.000346s ]
SQL: SHOW COLUMNS FROM `yixue_login` [ RunTime:0.0021s ]
SQL: SELECT * FROM `yixue_login` WHERE ( login_account = 'yantian' and login_pwd = '111' )  [ RunTime:0.0017s ]
INFO: [ app_end ] --START--
INFO: Run Behavior\ShowPageTraceBehavior [ RunTime:0.000293s ]
INFO: [ app_end ] --END-- [ RunTime:0.000325s ]

[ 2017-10-24T16:30:54+08:00 ] 119.251.91.100 /yantian/TP3.2/index.php/Home/index/web
INFO: [ app_init ] --START--
INFO: Run Behavior\BuildLiteBehavior [ RunTime:0.000012s ]
INFO: [ app_init ] --END-- [ RunTime:0.000238s ]
INFO: [ app_begin ] --START--
INFO: Run Behavior\ReadHtmlCacheBehavior [ RunTime:0.000268s ]
INFO: [ app_begin ] --END-- [ RunTime:0.000302s ]
SQL: SHOW COLUMNS FROM `yixue_login` [ RunTime:0.0021s ]
SQL: SELECT * FROM `yixue_login` WHERE ( login_account = 'yantian' and login_pwd = '111' )  [ RunTime:0.0017s ]
INFO: [ app_end ] --START--
INFO: Run Behavior\ShowPageTraceBehavior [ RunTime:0.000296s ]
INFO: [ app_end ] --END-- [ RunTime:0.000342s ]

