[ 2017-11-24T14:14:00+08:00 ] 101.30.19.128 /xianshang/index.php/index/login
INFO: [ app_init ] --START--
INFO: Run Behavior\BuildLiteBehavior [ RunTime:0.000005s ]
INFO: [ app_init ] --END-- [ RunTime:0.000151s ]
INFO: [ app_begin ] --START--
INFO: Run Behavior\ReadHtmlCacheBehavior [ RunTime:0.000200s ]
INFO: [ app_begin ] --END-- [ RunTime:0.000214s ]
SQL: SHOW COLUMNS FROM `yixue_students` [ RunTime:0.0035s ]
SQL: SELECT `students_id`,`students_tel`,`students_pwd`,`students_time`,`students_garde`,`students_school`,`students_sex`,`students_name` FROM `yixue_students` WHERE ( students_tel = '15810395512' ) LIMIT 1   [ RunTime:0.0031s ]
SQL: SELECT `students_id`,`students_tel`,`students_pwd`,`students_time` FROM `yixue_students` WHERE ( students_tel = '15810395512' and students_pwd = '23f3e6392a0b988123d805405fa2d04f' ) LIMIT 1   [ RunTime:0.0030s ]

[ 2017-11-24T14:15:52+08:00 ] 101.30.19.128 /xianshang/index.php/index/login
INFO: [ app_init ] --START--
INFO: Run Behavior\BuildLiteBehavior [ RunTime:0.000006s ]
INFO: [ app_init ] --END-- [ RunTime:0.000187s ]
INFO: [ app_begin ] --START--
INFO: Run Behavior\ReadHtmlCacheBehavior [ RunTime:0.000212s ]
INFO: [ app_begin ] --END-- [ RunTime:0.000228s ]
SQL: SHOW COLUMNS FROM `yixue_students` [ RunTime:0.0027s ]
SQL: SELECT `students_id`,`students_tel`,`students_pwd`,`students_time`,`students_garde`,`students_school`,`students_sex`,`students_name` FROM `yixue_students` WHERE ( students_tel = '15810395512' ) LIMIT 1   [ RunTime:0.0023s ]
SQL: SELECT `students_id`,`students_tel`,`students_pwd`,`students_time` FROM `yixue_students` WHERE ( students_tel = '15810395512' and students_pwd = '23f3e6392a0b988123d805405fa2d04f' ) LIMIT 1   [ RunTime:0.0022s ]

[ 2017-11-24T14:23:44+08:00 ] 101.30.19.128 /xianshang/index.php/index/login
INFO: [ app_init ] --START--
INFO: Run Behavior\BuildLiteBehavior [ RunTime:0.000006s ]
INFO: [ app_init ] --END-- [ RunTime:0.000160s ]
INFO: [ app_begin ] --START--
INFO: Run Behavior\ReadHtmlCacheBehavior [ RunTime:0.000214s ]
INFO: [ app_begin ] --END-- [ RunTime:0.000229s ]
SQL: SHOW COLUMNS FROM `yixue_students` [ RunTime:0.0030s ]
SQL: SELECT `students_id`,`students_tel`,`students_pwd`,`students_time`,`students_garde`,`students_school`,`students_sex`,`students_name` FROM `yixue_students` WHERE ( students_tel = '15810395512' ) LIMIT 1   [ RunTime:0.0026s ]
SQL: SELECT `students_id`,`students_tel`,`students_pwd`,`students_time` FROM `yixue_students` WHERE ( students_tel = '15810395512' and students_pwd = '23f3e6392a0b988123d805405fa2d04f' ) LIMIT 1   [ RunTime:0.0026s ]

[ 2017-11-24T14:28:47+08:00 ] 101.30.19.128 /xianshang/index.php/index/login
INFO: [ app_init ] --START--
INFO: Run Behavior\BuildLiteBehavior [ RunTime:0.000005s ]
INFO: [ app_init ] --END-- [ RunTime:0.000157s ]
INFO: [ app_begin ] --START--
INFO: Run Behavior\ReadHtmlCacheBehavior [ RunTime:0.000216s ]
INFO: [ app_begin ] --END-- [ RunTime:0.000232s ]
SQL: SHOW COLUMNS FROM `yixue_students` [ RunTime:0.0038s ]
SQL: SELECT `students_id`,`students_tel`,`students_pwd`,`students_time`,`students_garde`,`students_school`,`students_sex`,`students_name` FROM `yixue_students` WHERE ( students_tel = '15810395512' ) LIMIT 1   [ RunTime:0.0033s ]
SQL: SELECT `students_id`,`students_tel`,`students_pwd`,`students_time` FROM `yixue_students` WHERE ( students_tel = '15810395512' and students_pwd = '23f3e6392a0b988123d805405fa2d04f' ) LIMIT 1   [ RunTime:0.0033s ]

[ 2017-11-24T14:30:27+08:00 ] 101.30.19.128 /xianshang/index.php/index/login
INFO: [ app_init ] --START--
INFO: Run Behavior\BuildLiteBehavior [ RunTime:0.000005s ]
INFO: [ app_init ] --END-- [ RunTime:0.000151s ]
INFO: [ app_begin ] --START--
INFO: Run Behavior\ReadHtmlCacheBehavior [ RunTime:0.000211s ]
INFO: [ app_begin ] --END-- [ RunTime:0.000226s ]
SQL: SHOW COLUMNS FROM `yixue_students` [ RunTime:0.0037s ]
SQL: SELECT `students_id`,`students_tel`,`students_pwd`,`students_time`,`students_garde`,`students_school`,`students_sex`,`students_name` FROM `yixue_students` WHERE ( students_tel = '15810395512' ) LIMIT 1   [ RunTime:0.0032s ]
SQL: SELECT `students_id`,`students_tel`,`students_pwd`,`students_time` FROM `yixue_students` WHERE ( students_tel = '15810395512' and students_pwd = '23f3e6392a0b988123d805405fa2d04f' ) LIMIT 1   [ RunTime:0.0032s ]

[ 2017-11-24T14:31:42+08:00 ] 101.30.19.128 /xianshang/index.php/index/login
INFO: [ app_init ] --START--
INFO: Run Behavior\BuildLiteBehavior [ RunTime:0.000006s ]
INFO: [ app_init ] --END-- [ RunTime:0.000156s ]
INFO: [ app_begin ] --START--
INFO: Run Behavior\ReadHtmlCacheBehavior [ RunTime:0.000209s ]
INFO: [ app_begin ] --END-- [ RunTime:0.000236s ]
SQL: SHOW COLUMNS FROM `yixue_students` [ RunTime:0.0027s ]
SQL: SELECT `students_id`,`students_tel`,`students_pwd`,`students_time`,`students_garde`,`students_school`,`students_sex`,`students_name` FROM `yixue_students` WHERE ( students_tel = '15810395512' ) LIMIT 1   [ RunTime:0.0022s ]
SQL: SELECT `students_id`,`students_tel`,`students_pwd`,`students_time` FROM `yixue_students` WHERE ( students_tel = '15810395512' and students_pwd = '23f3e6392a0b988123d805405fa2d04f' ) LIMIT 1   [ RunTime:0.0022s ]

[ 2017-11-24T14:36:58+08:00 ] 101.30.19.128 /xianshang/index.php/index/login
INFO: [ app_init ] --START--
INFO: Run Behavior\BuildLiteBehavior [ RunTime:0.000006s ]
INFO: [ app_init ] --END-- [ RunTime:0.000159s ]
INFO: [ app_begin ] --START--
INFO: Run Behavior\ReadHtmlCacheBehavior [ RunTime:0.000206s ]
INFO: [ app_begin ] --END-- [ RunTime:0.000222s ]
SQL: SHOW COLUMNS FROM `yixue_students` [ RunTime:0.0034s ]
SQL: SELECT `students_id`,`students_tel`,`students_pwd`,`students_time`,`students_garde`,`students_school`,`students_sex`,`students_name` FROM `yixue_students` WHERE ( students_tel = '15810395512' ) LIMIT 1   [ RunTime:0.0029s ]
SQL: SELECT `students_id`,`students_tel`,`students_pwd`,`students_time` FROM `yixue_students` WHERE ( students_tel = '15810395512' and students_pwd = '23f3e6392a0b988123d805405fa2d04f' ) LIMIT 1   [ RunTime:0.0029s ]

[ 2017-11-24T18:55:18+08:00 ] 101.30.19.128 /xianshang/index.php/Index/login
INFO: [ app_init ] --START--
INFO: Run Behavior\BuildLiteBehavior [ RunTime:0.000006s ]
INFO: [ app_init ] --END-- [ RunTime:0.000167s ]
INFO: [ app_begin ] --START--
INFO: Run Behavior\ReadHtmlCacheBehavior [ RunTime:0.000217s ]
INFO: [ app_begin ] --END-- [ RunTime:0.000233s ]
SQL: SHOW COLUMNS FROM `yixue_students` [ RunTime:0.0038s ]
SQL: SELECT `students_id`,`students_tel`,`students_pwd`,`students_time`,`students_garde`,`students_school`,`students_sex`,`students_name` FROM `yixue_students` WHERE ( students_tel = '13611369402' ) LIMIT 1   [ RunTime:0.0034s ]
SQL: SELECT `students_id`,`students_tel`,`students_pwd`,`students_time` FROM `yixue_students` WHERE ( students_tel = '13611369402' and students_pwd = '3049a1f0f1c808cdaa4fbed0e01649b1' ) LIMIT 1   [ RunTime:0.0033s ]

[ 2017-11-24T18:55:31+08:00 ] 101.30.19.128 /xianshang/index.php/Read/read_word
INFO: [ app_init ] --START--
INFO: Run Behavior\BuildLiteBehavior [ RunTime:0.000006s ]
INFO: [ app_init ] --END-- [ RunTime:0.000155s ]
INFO: [ app_begin ] --START--
INFO: Run Behavior\ReadHtmlCacheBehavior [ RunTime:0.000220s ]
INFO: [ app_begin ] --END-- [ RunTime:0.000235s ]
SQL: SHOW COLUMNS FROM `danci_one` [ RunTime:0.0027s ]
SQL: SELECT `read_danci`,`read_jieshi`,`read_ciyi` FROM `danci_one` WHERE ( read_danci = 'bakeeed' ) LIMIT 1   [ RunTime:0.0048s ]
SQL: SELECT `read_danci`,`read_jieshi`,`read_ciyi` FROM `danci_one` WHERE ( read_danci = 'bakee' ) LIMIT 1   [ RunTime:0.0047s ]
SQL: SELECT `read_danci`,`read_jieshi`,`read_ciyi` FROM `danci_one` WHERE ( read_danci = 'bakeee' ) LIMIT 1   [ RunTime:0.0047s ]
INFO: [ app_end ] --START--
INFO: Run Behavior\ShowPageTraceBehavior [ RunTime:0.000269s ]
INFO: [ app_end ] --END-- [ RunTime:0.000283s ]

[ 2017-11-24T18:56:20+08:00 ] 101.30.19.128 /xianshang/index.php/Read/read_print
INFO: [ app_init ] --START--
INFO: Run Behavior\BuildLiteBehavior [ RunTime:0.000006s ]
INFO: [ app_init ] --END-- [ RunTime:0.000158s ]
INFO: [ app_begin ] --START--
INFO: Run Behavior\ReadHtmlCacheBehavior [ RunTime:0.000206s ]
INFO: [ app_begin ] --END-- [ RunTime:0.000222s ]
SQL: SHOW COLUMNS FROM `yixue_print` [ RunTime:0.0031s ]
SQL: INSERT INTO `yixue_print` (`print_type`,`print_level`,`print_textbook`,`print_students_id`,`add_time`) VALUES ('2','33','3','25','1511520980') [ RunTime:0.0047s ]
INFO: [ app_end ] --START--
INFO: Run Behavior\ShowPageTraceBehavior [ RunTime:0.000265s ]
INFO: [ app_end ] --END-- [ RunTime:0.000281s ]

