[ 2017-12-05T09:30:37+08:00 ] 101.20.97.201 /xianshang/admin.php/Pay/pay_my.html?start_time=&end_time=&pay_type=3
INFO: [ app_init ] --START--
INFO: Run Behavior\BuildLiteBehavior [ RunTime:0.000006s ]
INFO: [ app_init ] --END-- [ RunTime:0.000166s ]
INFO: [ app_begin ] --START--
INFO: Run Behavior\ReadHtmlCacheBehavior [ RunTime:0.000229s ]
INFO: [ app_begin ] --END-- [ RunTime:0.000247s ]
SQL: select DISTINCT CONCAT(power_controller,'|',power_action) as qx from yixue_power_role left join yixue_power on yixue_power_role.yixue_power_id = yixue_power.power_id where yixue_role_id in(select yixue_role_id from yixue_user_role where yixue_user_id='2'
) [ RunTime:0.0031s ]
SQL: SHOW COLUMNS FROM `yixue_partner` [ RunTime:0.0032s ]
SQL: SELECT `user_id`,`partner_account`,`partner_code` FROM `yixue_partner` WHERE ( user_pid = 2 )  [ RunTime:0.0027s ]
SQL: SHOW COLUMNS FROM `yixue_pay` [ RunTime:0.0030s ]
SQL: SELECT COUNT(*) AS tp_count FROM `yixue_pay` WHERE `pay_id` IN ('4','2') AND `pay_type` IN ('3') LIMIT 1   [ RunTime:0.0027s ]
SQL: SELECT `pay_campus`,`pay_time`,`pay_user`,`pay_money`,`pay_rebates`,`pay_balance`,`pay_fanyue`,`pay_type`,`pay_spend`,`pay_describe`,`pay_operator` FROM `yixue_pay` WHERE `pay_id` IN ('4','2') AND `pay_type` IN ('3') ORDER BY pay_time desc LIMIT 0,3   [ RunTime:0.0027s ]
SQL: SELECT `partner_balance`,`partner_rebate` FROM `yixue_partner` WHERE ( user_id = '2' ) LIMIT 1   [ RunTime:0.0026s ]
INFO: [ view_parse ] --START--
NOTIC: [2] file_get_contents(./Application/Admin/View/./Public/top.html): failed to open stream: No such file or directory /usr/local/nginx/html/xianshang/ThinkPHP/Library/Think/Template.class.php 第 696 行.
INFO: [ template_filter ] --START--
INFO: Run Behavior\ContentReplaceBehavior [ RunTime:0.000032s ]
INFO: [ template_filter ] --END-- [ RunTime:0.000046s ]
INFO: Run Behavior\ParseTemplateBehavior [ RunTime:0.003420s ]
INFO: [ view_parse ] --END-- [ RunTime:0.003434s ]
INFO: [ view_filter ] --START--
INFO: Run Behavior\WriteHtmlCacheBehavior [ RunTime:0.000069s ]
INFO: [ view_filter ] --END-- [ RunTime:0.000078s ]
INFO: [ app_end ] --START--
INFO: Run Behavior\ShowPageTraceBehavior [ RunTime:0.000238s ]
INFO: [ app_end ] --END-- [ RunTime:0.000248s ]

[ 2017-12-05T09:30:38+08:00 ] 101.20.97.201 /xianshang/admin.php/Pay/pay_my.html?start_time=&end_time=&pay_type=
INFO: [ app_init ] --START--
INFO: Run Behavior\BuildLiteBehavior [ RunTime:0.000005s ]
INFO: [ app_init ] --END-- [ RunTime:0.000148s ]
INFO: [ app_begin ] --START--
INFO: Run Behavior\ReadHtmlCacheBehavior [ RunTime:0.000234s ]
INFO: [ app_begin ] --END-- [ RunTime:0.000252s ]
SQL: select DISTINCT CONCAT(power_controller,'|',power_action) as qx from yixue_power_role left join yixue_power on yixue_power_role.yixue_power_id = yixue_power.power_id where yixue_role_id in(select yixue_role_id from yixue_user_role where yixue_user_id='2'
) [ RunTime:0.0036s ]
SQL: SHOW COLUMNS FROM `yixue_partner` [ RunTime:0.0037s ]
SQL: SELECT `user_id`,`partner_account`,`partner_code` FROM `yixue_partner` WHERE ( user_pid = 2 )  [ RunTime:0.0031s ]
SQL: SHOW COLUMNS FROM `yixue_pay` [ RunTime:0.0035s ]
SQL: SELECT COUNT(*) AS tp_count FROM `yixue_pay` WHERE `pay_id` IN ('4','2') AND `pay_type` IN ('') LIMIT 1   [ RunTime:0.0032s ]
SQL: SELECT `pay_campus`,`pay_time`,`pay_user`,`pay_money`,`pay_rebates`,`pay_balance`,`pay_fanyue`,`pay_type`,`pay_spend`,`pay_describe`,`pay_operator` FROM `yixue_pay` WHERE `pay_id` IN ('4','2') AND `pay_type` IN ('') ORDER BY pay_time desc LIMIT 0,3   [ RunTime:0.0032s ]
SQL: SELECT `partner_balance`,`partner_rebate` FROM `yixue_partner` WHERE ( user_id = '2' ) LIMIT 1   [ RunTime:0.0031s ]
INFO: [ view_parse ] --START--
NOTIC: [2] file_get_contents(./Application/Admin/View/./Public/top.html): failed to open stream: No such file or directory /usr/local/nginx/html/xianshang/ThinkPHP/Library/Think/Template.class.php 第 696 行.
INFO: [ template_filter ] --START--
INFO: Run Behavior\ContentReplaceBehavior [ RunTime:0.000030s ]
INFO: [ template_filter ] --END-- [ RunTime:0.000054s ]
INFO: Run Behavior\ParseTemplateBehavior [ RunTime:0.003201s ]
INFO: [ view_parse ] --END-- [ RunTime:0.003215s ]
INFO: [ view_filter ] --START--
INFO: Run Behavior\WriteHtmlCacheBehavior [ RunTime:0.000066s ]
INFO: [ view_filter ] --END-- [ RunTime:0.000074s ]
INFO: [ app_end ] --START--
INFO: Run Behavior\ShowPageTraceBehavior [ RunTime:0.000241s ]
INFO: [ app_end ] --END-- [ RunTime:0.000251s ]

[ 2017-12-05T09:30:41+08:00 ] 101.20.97.201 /xianshang/admin.php/Pay/pay_campus.html
INFO: [ app_init ] --START--
INFO: Run Behavior\BuildLiteBehavior [ RunTime:0.000005s ]
INFO: [ app_init ] --END-- [ RunTime:0.000160s ]
INFO: [ app_begin ] --START--
INFO: Run Behavior\ReadHtmlCacheBehavior [ RunTime:0.000222s ]
INFO: [ app_begin ] --END-- [ RunTime:0.000239s ]
SQL: select DISTINCT CONCAT(power_controller,'|',power_action) as qx from yixue_power_role left join yixue_power on yixue_power_role.yixue_power_id = yixue_power.power_id where yixue_role_id in(select yixue_role_id from yixue_user_role where yixue_user_id='2'
) [ RunTime:0.0025s ]
INFO: [ view_parse ] --START--
INFO: [ template_filter ] --START--
INFO: Run Behavior\ContentReplaceBehavior [ RunTime:0.000023s ]
INFO: [ template_filter ] --END-- [ RunTime:0.000038s ]
INFO: Run Behavior\ParseTemplateBehavior [ RunTime:0.002374s ]
INFO: [ view_parse ] --END-- [ RunTime:0.002386s ]
INFO: [ view_filter ] --START--
INFO: Run Behavior\WriteHtmlCacheBehavior [ RunTime:0.000066s ]
INFO: [ view_filter ] --END-- [ RunTime:0.000074s ]
INFO: [ app_end ] --START--
INFO: Run Behavior\ShowPageTraceBehavior [ RunTime:0.000228s ]
INFO: [ app_end ] --END-- [ RunTime:0.000237s ]

[ 2017-12-05T09:30:42+08:00 ] 101.20.97.201 /xianshang/admin.php/Pay/pay_my.html
INFO: [ app_init ] --START--
INFO: Run Behavior\BuildLiteBehavior [ RunTime:0.000012s ]
INFO: [ app_init ] --END-- [ RunTime:0.000154s ]
INFO: [ app_begin ] --START--
INFO: Run Behavior\ReadHtmlCacheBehavior [ RunTime:0.000220s ]
INFO: [ app_begin ] --END-- [ RunTime:0.000237s ]
SQL: select DISTINCT CONCAT(power_controller,'|',power_action) as qx from yixue_power_role left join yixue_power on yixue_power_role.yixue_power_id = yixue_power.power_id where yixue_role_id in(select yixue_role_id from yixue_user_role where yixue_user_id='2'
) [ RunTime:0.0029s ]
SQL: SHOW COLUMNS FROM `yixue_partner` [ RunTime:0.0031s ]
SQL: SELECT `user_id`,`partner_account`,`partner_code` FROM `yixue_partner` WHERE ( user_pid = 2 )  [ RunTime:0.0025s ]
SQL: SHOW COLUMNS FROM `yixue_pay` [ RunTime:0.0029s ]
SQL: SELECT COUNT(*) AS tp_count FROM `yixue_pay` WHERE `pay_id` IN ('4','2') AND `pay_type` IN ('1','2','3') LIMIT 1   [ RunTime:0.0026s ]
SQL: SELECT `pay_campus`,`pay_time`,`pay_user`,`pay_money`,`pay_rebates`,`pay_balance`,`pay_fanyue`,`pay_type`,`pay_spend`,`pay_describe`,`pay_operator` FROM `yixue_pay` WHERE `pay_id` IN ('4','2') AND `pay_type` IN ('1','2','3') ORDER BY pay_time desc LIMIT 0,3   [ RunTime:0.0026s ]
SQL: SELECT `partner_balance`,`partner_rebate` FROM `yixue_partner` WHERE ( user_id = '2' ) LIMIT 1   [ RunTime:0.0026s ]
INFO: [ view_parse ] --START--
NOTIC: [2] file_get_contents(./Application/Admin/View/./Public/top.html): failed to open stream: No such file or directory /usr/local/nginx/html/xianshang/ThinkPHP/Library/Think/Template.class.php 第 696 行.
INFO: [ template_filter ] --START--
INFO: Run Behavior\ContentReplaceBehavior [ RunTime:0.000030s ]
INFO: [ template_filter ] --END-- [ RunTime:0.000043s ]
NOTIC: [8] Undefined index: user_id /usr/local/nginx/html/xianshang/Application/Runtime/Cache/Admin/42a729b9126e8d5ebc17efeeead1c1af.php 第 79 行.
NOTIC: [8] Undefined index: user_id /usr/local/nginx/html/xianshang/Application/Runtime/Cache/Admin/42a729b9126e8d5ebc17efeeead1c1af.php 第 79 行.
NOTIC: [8] Undefined index: user_id /usr/local/nginx/html/xianshang/Application/Runtime/Cache/Admin/42a729b9126e8d5ebc17efeeead1c1af.php 第 79 行.
INFO: Run Behavior\ParseTemplateBehavior [ RunTime:0.003199s ]
INFO: [ view_parse ] --END-- [ RunTime:0.003211s ]
INFO: [ view_filter ] --START--
INFO: Run Behavior\WriteHtmlCacheBehavior [ RunTime:0.000075s ]
INFO: [ view_filter ] --END-- [ RunTime:0.000084s ]
INFO: [ app_end ] --START--
INFO: Run Behavior\ShowPageTraceBehavior [ RunTime:0.000224s ]
INFO: [ app_end ] --END-- [ RunTime:0.000234s ]

[ 2017-12-05T09:30:45+08:00 ] 101.20.97.201 /xianshang/admin.php/User/user_campus.html
INFO: [ app_init ] --START--
INFO: Run Behavior\BuildLiteBehavior [ RunTime:0.000005s ]
INFO: [ app_init ] --END-- [ RunTime:0.000154s ]
INFO: [ app_begin ] --START--
INFO: Run Behavior\ReadHtmlCacheBehavior [ RunTime:0.000227s ]
INFO: [ app_begin ] --END-- [ RunTime:0.000246s ]
SQL: select DISTINCT CONCAT(power_controller,'|',power_action) as qx from yixue_power_role left join yixue_power on yixue_power_role.yixue_power_id = yixue_power.power_id where yixue_role_id in(select yixue_role_id from yixue_user_role where yixue_user_id='2'
) [ RunTime:0.0034s ]
SQL: SHOW COLUMNS FROM `yixue_partner` [ RunTime:0.0036s ]
SQL: SELECT `user_id`,`partner_account`,`partner_code` FROM `yixue_partner` WHERE ( user_pid = '2' )  [ RunTime:0.0030s ]
SQL: SELECT COUNT(*) AS tp_count FROM `yixue_partner` WHERE `partner_tel` LIKE '%' AND `partner_code` LIKE '%' AND `partner_account` LIKE '%' AND `user_id` IN ('4') LIMIT 1   [ RunTime:0.0030s ]
SQL: SELECT `user_id`,`open_close`,`user_account`,`user_pwd`,`finance_pwd`,`partner_account`,`partner_idcard`,`partner_sex`,`partner_tel`,`partner_time`,`partner_government`,`partner_code`,`detailed_address` FROM `yixue_partner` WHERE `partner_tel` LIKE '%' AND `partner_code` LIKE '%' AND `partner_account` LIKE '%' AND `user_id` IN ('4') ORDER BY user_id LIMIT 0,3   [ RunTime:0.0031s ]
INFO: [ view_parse ] --START--
NOTIC: [2] file_get_contents(./Application/Admin/View/./Public/top.html): failed to open stream: No such file or directory /usr/local/nginx/html/xianshang/ThinkPHP/Library/Think/Template.class.php 第 696 行.
INFO: [ template_filter ] --START--
INFO: Run Behavior\ContentReplaceBehavior [ RunTime:0.000037s ]
INFO: [ template_filter ] --END-- [ RunTime:0.000051s ]
NOTIC: [8] Undefined variable: id /usr/local/nginx/html/xianshang/Application/Runtime/Cache/Admin/58eb4c7d8f9425361c8f3544d809e3c9.php 第 61 行.
INFO: Run Behavior\ParseTemplateBehavior [ RunTime:0.003837s ]
INFO: [ view_parse ] --END-- [ RunTime:0.003850s ]
INFO: [ view_filter ] --START--
INFO: Run Behavior\WriteHtmlCacheBehavior [ RunTime:0.000065s ]
INFO: [ view_filter ] --END-- [ RunTime:0.000075s ]
INFO: [ app_end ] --START--
INFO: Run Behavior\ShowPageTraceBehavior [ RunTime:0.000221s ]
INFO: [ app_end ] --END-- [ RunTime:0.000230s ]

[ 2017-12-05T09:30:48+08:00 ] 101.20.97.201 /xianshang/admin.php/Students/students_list.html
INFO: [ app_init ] --START--
INFO: Run Behavior\BuildLiteBehavior [ RunTime:0.000005s ]
INFO: [ app_init ] --END-- [ RunTime:0.000141s ]
INFO: [ app_begin ] --START--
INFO: Run Behavior\ReadHtmlCacheBehavior [ RunTime:0.000237s ]
INFO: [ app_begin ] --END-- [ RunTime:0.000254s ]
SQL: select DISTINCT CONCAT(power_controller,'|',power_action) as qx from yixue_power_role left join yixue_power on yixue_power_role.yixue_power_id = yixue_power.power_id where yixue_role_id in(select yixue_role_id from yixue_user_role where yixue_user_id='2'
) [ RunTime:0.0030s ]
SQL: SHOW COLUMNS FROM `yixue_partner` [ RunTime:0.0032s ]
SQL: SELECT `partner_code` FROM `yixue_partner` WHERE ( user_id = 2 )  [ RunTime:0.0026s ]
SQL: SELECT `user_id` FROM `yixue_partner` WHERE ( user_pid = 2 )  [ RunTime:0.0026s ]
SQL: SELECT `partner_code`,`partner_account` FROM `yixue_partner` WHERE `user_id` IN ('4','2')  [ RunTime:0.0027s ]
SQL: SHOW COLUMNS FROM `yixue_students` [ RunTime:0.0030s ]
SQL: SELECT COUNT(*) AS tp_count FROM `yixue_students` WHERE `students_accredit` IN ('1411268593','1101149127') AND `students_name` LIKE '%' AND `students_tel` LIKE '%' LIMIT 1   [ RunTime:0.0027s ]
SQL: SELECT `students_id`,`students_name`,`students_tel`,`students_sex`,`students_school`,`students_garde`,`students_course`,`students_patriarch`,`patriarch_tel`,`students_home`,`students_accredit` FROM `yixue_students` WHERE `students_accredit` IN ('1411268593','1101149127') AND `students_name` LIKE '%' AND `students_tel` LIKE '%' ORDER BY students_id LIMIT 0,3   [ RunTime:0.0027s ]
SQL: SELECT `open_pwd` FROM `yixue_partner` WHERE ( user_id = '2' ) LIMIT 1   [ RunTime:0.0026s ]
INFO: [ view_parse ] --START--
INFO: [ template_filter ] --START--
INFO: Run Behavior\ContentReplaceBehavior [ RunTime:0.000049s ]
INFO: [ template_filter ] --END-- [ RunTime:0.000063s ]
NOTIC: [8] Undefined index: user_id /usr/local/nginx/html/xianshang/Application/Runtime/Cache/Admin/b6ccebea78df9bbbf91599efb32fb070.php 第 84 行.
NOTIC: [8] Undefined index: user_id /usr/local/nginx/html/xianshang/Application/Runtime/Cache/Admin/b6ccebea78df9bbbf91599efb32fb070.php 第 84 行.
NOTIC: [8] Undefined index: user_id /usr/local/nginx/html/xianshang/Application/Runtime/Cache/Admin/b6ccebea78df9bbbf91599efb32fb070.php 第 84 行.
INFO: Run Behavior\ParseTemplateBehavior [ RunTime:0.004206s ]
INFO: [ view_parse ] --END-- [ RunTime:0.004218s ]
INFO: [ view_filter ] --START--
INFO: Run Behavior\WriteHtmlCacheBehavior [ RunTime:0.000065s ]
INFO: [ view_filter ] --END-- [ RunTime:0.000075s ]
INFO: [ app_end ] --START--
INFO: Run Behavior\ShowPageTraceBehavior [ RunTime:0.000246s ]
INFO: [ app_end ] --END-- [ RunTime:0.000256s ]

[ 2017-12-05T09:30:49+08:00 ] 101.20.97.201 /xianshang/admin.php/Students/students_look.html?students_id=3
INFO: [ app_init ] --START--
INFO: Run Behavior\BuildLiteBehavior [ RunTime:0.000006s ]
INFO: [ app_init ] --END-- [ RunTime:0.000153s ]
INFO: [ app_begin ] --START--
INFO: Run Behavior\ReadHtmlCacheBehavior [ RunTime:0.000227s ]
INFO: [ app_begin ] --END-- [ RunTime:0.000244s ]
SQL: select DISTINCT CONCAT(power_controller,'|',power_action) as qx from yixue_power_role left join yixue_power on yixue_power_role.yixue_power_id = yixue_power.power_id where yixue_role_id in(select yixue_role_id from yixue_user_role where yixue_user_id='2'
) [ RunTime:0.0031s ]
SQL: SHOW COLUMNS FROM `yixue_students` [ RunTime:0.0032s ]
SQL: SELECT * FROM `yixue_students` INNER JOIN yixue_garde ON yixue_garde.garde_id = yixue_students.students_garde  WHERE ( students_id = '3' ) LIMIT 1   [ RunTime:0.0027s ]
INFO: [ view_parse ] --START--
INFO: [ template_filter ] --START--
INFO: Run Behavior\ContentReplaceBehavior [ RunTime:0.000020s ]
INFO: [ template_filter ] --END-- [ RunTime:0.000034s ]
NOTIC: [8] Undefined index: students_campus /usr/local/nginx/html/xianshang/Application/Runtime/Cache/Admin/e93ed57a0759138be481b3bd43b3bd02.php 第 25 行.
INFO: Run Behavior\ParseTemplateBehavior [ RunTime:0.002512s ]
INFO: [ view_parse ] --END-- [ RunTime:0.002524s ]
INFO: [ view_filter ] --START--
INFO: Run Behavior\WriteHtmlCacheBehavior [ RunTime:0.000083s ]
INFO: [ view_filter ] --END-- [ RunTime:0.000092s ]
INFO: [ app_end ] --START--
INFO: Run Behavior\ShowPageTraceBehavior [ RunTime:0.000225s ]
INFO: [ app_end ] --END-- [ RunTime:0.000234s ]

[ 2017-12-05T09:30:52+08:00 ] 101.20.97.201 /xianshang/admin.php/Students/students_look.html?students_id=2
INFO: [ app_init ] --START--
INFO: Run Behavior\BuildLiteBehavior [ RunTime:0.000012s ]
INFO: [ app_init ] --END-- [ RunTime:0.000149s ]
INFO: [ app_begin ] --START--
INFO: Run Behavior\ReadHtmlCacheBehavior [ RunTime:0.000228s ]
INFO: [ app_begin ] --END-- [ RunTime:0.000244s ]
SQL: select DISTINCT CONCAT(power_controller,'|',power_action) as qx from yixue_power_role left join yixue_power on yixue_power_role.yixue_power_id = yixue_power.power_id where yixue_role_id in(select yixue_role_id from yixue_user_role where yixue_user_id='2'
) [ RunTime:0.0025s ]
SQL: SHOW COLUMNS FROM `yixue_students` [ RunTime:0.0026s ]
SQL: SELECT * FROM `yixue_students` INNER JOIN yixue_garde ON yixue_garde.garde_id = yixue_students.students_garde  WHERE ( students_id = '2' ) LIMIT 1   [ RunTime:0.0021s ]
INFO: [ view_parse ] --START--
INFO: [ template_filter ] --START--
INFO: Run Behavior\ContentReplaceBehavior [ RunTime:0.000019s ]
INFO: [ template_filter ] --END-- [ RunTime:0.000033s ]
NOTIC: [8] Undefined index: students_campus /usr/local/nginx/html/xianshang/Application/Runtime/Cache/Admin/e93ed57a0759138be481b3bd43b3bd02.php 第 25 行.
INFO: Run Behavior\ParseTemplateBehavior [ RunTime:0.002403s ]
INFO: [ view_parse ] --END-- [ RunTime:0.002415s ]
INFO: [ view_filter ] --START--
INFO: Run Behavior\WriteHtmlCacheBehavior [ RunTime:0.000062s ]
INFO: [ view_filter ] --END-- [ RunTime:0.000070s ]
INFO: [ app_end ] --START--
INFO: Run Behavior\ShowPageTraceBehavior [ RunTime:0.000218s ]
INFO: [ app_end ] --END-- [ RunTime:0.000228s ]

[ 2017-12-05T09:30:55+08:00 ] 101.20.97.201 /xianshang/admin.php/Read/read_add.html?students_id=3
INFO: [ app_init ] --START--
INFO: Run Behavior\BuildLiteBehavior [ RunTime:0.000005s ]
INFO: [ app_init ] --END-- [ RunTime:0.000148s ]
INFO: [ app_begin ] --START--
INFO: Run Behavior\ReadHtmlCacheBehavior [ RunTime:0.000237s ]
INFO: [ app_begin ] --END-- [ RunTime:0.000253s ]
SQL: select DISTINCT CONCAT(power_controller,'|',power_action) as qx from yixue_power_role left join yixue_power on yixue_power_role.yixue_power_id = yixue_power.power_id where yixue_role_id in(select yixue_role_id from yixue_user_role where yixue_user_id='2'
) [ RunTime:0.0036s ]
INFO: [ view_parse ] --START--
INFO: [ template_filter ] --START--
INFO: Run Behavior\ContentReplaceBehavior [ RunTime:0.000038s ]
INFO: [ template_filter ] --END-- [ RunTime:0.000055s ]
INFO: Run Behavior\ParseTemplateBehavior [ RunTime:0.003080s ]
INFO: [ view_parse ] --END-- [ RunTime:0.003095s ]
INFO: [ view_filter ] --START--
INFO: Run Behavior\WriteHtmlCacheBehavior [ RunTime:0.000065s ]
INFO: [ view_filter ] --END-- [ RunTime:0.000073s ]
INFO: [ app_end ] --START--
INFO: Run Behavior\ShowPageTraceBehavior [ RunTime:0.000234s ]
INFO: [ app_end ] --END-- [ RunTime:0.000246s ]

[ 2017-12-05T09:30:58+08:00 ] 101.20.97.201 /xianshang/admin.php/Students/students_list/p/2.html
INFO: [ app_init ] --START--
INFO: Run Behavior\BuildLiteBehavior [ RunTime:0.000006s ]
INFO: [ app_init ] --END-- [ RunTime:0.000153s ]
INFO: [ app_begin ] --START--
INFO: Run Behavior\ReadHtmlCacheBehavior [ RunTime:0.000212s ]
INFO: [ app_begin ] --END-- [ RunTime:0.000229s ]
SQL: select DISTINCT CONCAT(power_controller,'|',power_action) as qx from yixue_power_role left join yixue_power on yixue_power_role.yixue_power_id = yixue_power.power_id where yixue_role_id in(select yixue_role_id from yixue_user_role where yixue_user_id='2'
) [ RunTime:0.0025s ]
SQL: SHOW COLUMNS FROM `yixue_partner` [ RunTime:0.0027s ]
SQL: SELECT `partner_code` FROM `yixue_partner` WHERE ( user_id = 2 )  [ RunTime:0.0022s ]
SQL: SELECT `user_id` FROM `yixue_partner` WHERE ( user_pid = 2 )  [ RunTime:0.0022s ]
SQL: SELECT `partner_code`,`partner_account` FROM `yixue_partner` WHERE `user_id` IN ('4','2')  [ RunTime:0.0022s ]
SQL: SHOW COLUMNS FROM `yixue_students` [ RunTime:0.0026s ]
SQL: SELECT COUNT(*) AS tp_count FROM `yixue_students` WHERE `students_accredit` IN ('1411268593','1101149127') AND `students_name` LIKE '%' AND `students_tel` LIKE '%' LIMIT 1   [ RunTime:0.0022s ]
SQL: SELECT `students_id`,`students_name`,`students_tel`,`students_sex`,`students_school`,`students_garde`,`students_course`,`students_patriarch`,`patriarch_tel`,`students_home`,`students_accredit` FROM `yixue_students` WHERE `students_accredit` IN ('1411268593','1101149127') AND `students_name` LIKE '%' AND `students_tel` LIKE '%' ORDER BY students_id LIMIT 3,3   [ RunTime:0.0022s ]
SQL: SELECT `open_pwd` FROM `yixue_partner` WHERE ( user_id = '2' ) LIMIT 1   [ RunTime:0.0022s ]
INFO: [ view_parse ] --START--
INFO: [ template_filter ] --START--
INFO: Run Behavior\ContentReplaceBehavior [ RunTime:0.000044s ]
INFO: [ template_filter ] --END-- [ RunTime:0.000066s ]
NOTIC: [8] Undefined index: user_id /usr/local/nginx/html/xianshang/Application/Runtime/Cache/Admin/b6ccebea78df9bbbf91599efb32fb070.php 第 84 行.
NOTIC: [8] Undefined index: user_id /usr/local/nginx/html/xianshang/Application/Runtime/Cache/Admin/b6ccebea78df9bbbf91599efb32fb070.php 第 84 行.
INFO: Run Behavior\ParseTemplateBehavior [ RunTime:0.004177s ]
INFO: [ view_parse ] --END-- [ RunTime:0.004190s ]
INFO: [ view_filter ] --START--
INFO: Run Behavior\WriteHtmlCacheBehavior [ RunTime:0.000064s ]
INFO: [ view_filter ] --END-- [ RunTime:0.000074s ]
INFO: [ app_end ] --START--
INFO: Run Behavior\ShowPageTraceBehavior [ RunTime:0.000239s ]
INFO: [ app_end ] --END-- [ RunTime:0.000251s ]

[ 2017-12-05T09:30:59+08:00 ] 101.20.97.201 /xianshang/admin.php/Students/students_list/p/1.html
INFO: [ app_init ] --START--
INFO: Run Behavior\BuildLiteBehavior [ RunTime:0.000006s ]
INFO: [ app_init ] --END-- [ RunTime:0.000147s ]
INFO: [ app_begin ] --START--
INFO: Run Behavior\ReadHtmlCacheBehavior [ RunTime:0.000222s ]
INFO: [ app_begin ] --END-- [ RunTime:0.000240s ]
SQL: select DISTINCT CONCAT(power_controller,'|',power_action) as qx from yixue_power_role left join yixue_power on yixue_power_role.yixue_power_id = yixue_power.power_id where yixue_role_id in(select yixue_role_id from yixue_user_role where yixue_user_id='2'
) [ RunTime:0.0029s ]
SQL: SHOW COLUMNS FROM `yixue_partner` [ RunTime:0.0031s ]
SQL: SELECT `partner_code` FROM `yixue_partner` WHERE ( user_id = 2 )  [ RunTime:0.0025s ]
SQL: SELECT `user_id` FROM `yixue_partner` WHERE ( user_pid = 2 )  [ RunTime:0.0025s ]
SQL: SELECT `partner_code`,`partner_account` FROM `yixue_partner` WHERE `user_id` IN ('4','2')  [ RunTime:0.0025s ]
SQL: SHOW COLUMNS FROM `yixue_students` [ RunTime:0.0029s ]
SQL: SELECT COUNT(*) AS tp_count FROM `yixue_students` WHERE `students_accredit` IN ('1411268593','1101149127') AND `students_name` LIKE '%' AND `students_tel` LIKE '%' LIMIT 1   [ RunTime:0.0026s ]
SQL: SELECT `students_id`,`students_name`,`students_tel`,`students_sex`,`students_school`,`students_garde`,`students_course`,`students_patriarch`,`patriarch_tel`,`students_home`,`students_accredit` FROM `yixue_students` WHERE `students_accredit` IN ('1411268593','1101149127') AND `students_name` LIKE '%' AND `students_tel` LIKE '%' ORDER BY students_id LIMIT 0,3   [ RunTime:0.0026s ]
SQL: SELECT `open_pwd` FROM `yixue_partner` WHERE ( user_id = '2' ) LIMIT 1   [ RunTime:0.0026s ]
INFO: [ view_parse ] --START--
INFO: [ template_filter ] --START--
INFO: Run Behavior\ContentReplaceBehavior [ RunTime:0.000045s ]
INFO: [ template_filter ] --END-- [ RunTime:0.000060s ]
NOTIC: [8] Undefined index: user_id /usr/local/nginx/html/xianshang/Application/Runtime/Cache/Admin/b6ccebea78df9bbbf91599efb32fb070.php 第 84 行.
NOTIC: [8] Undefined index: user_id /usr/local/nginx/html/xianshang/Application/Runtime/Cache/Admin/b6ccebea78df9bbbf91599efb32fb070.php 第 84 行.
NOTIC: [8] Undefined index: user_id /usr/local/nginx/html/xianshang/Application/Runtime/Cache/Admin/b6ccebea78df9bbbf91599efb32fb070.php 第 84 行.
INFO: Run Behavior\ParseTemplateBehavior [ RunTime:0.004473s ]
INFO: [ view_parse ] --END-- [ RunTime:0.004486s ]
INFO: [ view_filter ] --START--
INFO: Run Behavior\WriteHtmlCacheBehavior [ RunTime:0.000072s ]
INFO: [ view_filter ] --END-- [ RunTime:0.000082s ]
INFO: [ app_end ] --START--
INFO: Run Behavior\ShowPageTraceBehavior [ RunTime:0.000252s ]
INFO: [ app_end ] --END-- [ RunTime:0.000264s ]

[ 2017-12-05T09:31:01+08:00 ] 101.20.97.201 /xianshang/admin.php/Pay/pay_my.html
INFO: [ app_init ] --START--
INFO: Run Behavior\BuildLiteBehavior [ RunTime:0.000005s ]
INFO: [ app_init ] --END-- [ RunTime:0.000153s ]
INFO: [ app_begin ] --START--
INFO: Run Behavior\ReadHtmlCacheBehavior [ RunTime:0.000241s ]
INFO: [ app_begin ] --END-- [ RunTime:0.000259s ]
SQL: select DISTINCT CONCAT(power_controller,'|',power_action) as qx from yixue_power_role left join yixue_power on yixue_power_role.yixue_power_id = yixue_power.power_id where yixue_role_id in(select yixue_role_id from yixue_user_role where yixue_user_id='2'
) [ RunTime:0.0034s ]
SQL: SHOW COLUMNS FROM `yixue_partner` [ RunTime:0.0036s ]
SQL: SELECT `user_id`,`partner_account`,`partner_code` FROM `yixue_partner` WHERE ( user_pid = 2 )  [ RunTime:0.0030s ]
SQL: SHOW COLUMNS FROM `yixue_pay` [ RunTime:0.0033s ]
SQL: SELECT COUNT(*) AS tp_count FROM `yixue_pay` WHERE `pay_id` IN ('4','2') AND `pay_type` IN ('1','2','3') LIMIT 1   [ RunTime:0.0030s ]
SQL: SELECT `pay_campus`,`pay_time`,`pay_user`,`pay_money`,`pay_rebates`,`pay_balance`,`pay_fanyue`,`pay_type`,`pay_spend`,`pay_describe`,`pay_operator` FROM `yixue_pay` WHERE `pay_id` IN ('4','2') AND `pay_type` IN ('1','2','3') ORDER BY pay_time desc LIMIT 0,3   [ RunTime:0.0031s ]
SQL: SELECT `partner_balance`,`partner_rebate` FROM `yixue_partner` WHERE ( user_id = '2' ) LIMIT 1   [ RunTime:0.0030s ]
INFO: [ view_parse ] --START--
NOTIC: [2] file_get_contents(./Application/Admin/View/./Public/top.html): failed to open stream: No such file or directory /usr/local/nginx/html/xianshang/ThinkPHP/Library/Think/Template.class.php 第 696 行.
INFO: [ template_filter ] --START--
INFO: Run Behavior\ContentReplaceBehavior [ RunTime:0.000032s ]
INFO: [ template_filter ] --END-- [ RunTime:0.000047s ]
NOTIC: [8] Undefined index: user_id /usr/local/nginx/html/xianshang/Application/Runtime/Cache/Admin/42a729b9126e8d5ebc17efeeead1c1af.php 第 79 行.
NOTIC: [8] Undefined index: user_id /usr/local/nginx/html/xianshang/Application/Runtime/Cache/Admin/42a729b9126e8d5ebc17efeeead1c1af.php 第 79 行.
NOTIC: [8] Undefined index: user_id /usr/local/nginx/html/xianshang/Application/Runtime/Cache/Admin/42a729b9126e8d5ebc17efeeead1c1af.php 第 79 行.
INFO: Run Behavior\ParseTemplateBehavior [ RunTime:0.003475s ]
INFO: [ view_parse ] --END-- [ RunTime:0.003487s ]
INFO: [ view_filter ] --START--
INFO: Run Behavior\WriteHtmlCacheBehavior [ RunTime:0.000070s ]
INFO: [ view_filter ] --END-- [ RunTime:0.000078s ]
INFO: [ app_end ] --START--
INFO: Run Behavior\ShowPageTraceBehavior [ RunTime:0.000250s ]
INFO: [ app_end ] --END-- [ RunTime:0.000262s ]

[ 2017-12-05T09:31:02+08:00 ] 101.20.97.201 /xianshang/admin.php/Users/users_list.html
INFO: [ app_init ] --START--
INFO: Run Behavior\BuildLiteBehavior [ RunTime:0.000005s ]
INFO: [ app_init ] --END-- [ RunTime:0.000155s ]
INFO: [ app_begin ] --START--
INFO: Run Behavior\ReadHtmlCacheBehavior [ RunTime:0.000227s ]
INFO: [ app_begin ] --END-- [ RunTime:0.000245s ]
SQL: select DISTINCT CONCAT(power_controller,'|',power_action) as qx from yixue_power_role left join yixue_power on yixue_power_role.yixue_power_id = yixue_power.power_id where yixue_role_id in(select yixue_role_id from yixue_user_role where yixue_user_id='2'
) [ RunTime:0.0037s ]
SQL: SHOW COLUMNS FROM `yixue_user` [ RunTime:0.0037s ]
SQL: SELECT * FROM `yixue_user` WHERE ( user_pid = 2 )  [ RunTime:0.0033s ]
INFO: [ view_parse ] --START--
NOTIC: [2] file_get_contents(./Application/Admin/View/./Public/top.html): failed to open stream: No such file or directory /usr/local/nginx/html/xianshang/ThinkPHP/Library/Think/Template.class.php 第 696 行.
INFO: [ template_filter ] --START--
INFO: Run Behavior\ContentReplaceBehavior [ RunTime:0.000027s ]
INFO: [ template_filter ] --END-- [ RunTime:0.000041s ]
INFO: Run Behavior\ParseTemplateBehavior [ RunTime:0.002880s ]
INFO: [ view_parse ] --END-- [ RunTime:0.002893s ]
INFO: [ view_filter ] --START--
INFO: Run Behavior\WriteHtmlCacheBehavior [ RunTime:0.000064s ]
INFO: [ view_filter ] --END-- [ RunTime:0.000073s ]
INFO: [ app_end ] --START--
INFO: Run Behavior\ShowPageTraceBehavior [ RunTime:0.000221s ]
INFO: [ app_end ] --END-- [ RunTime:0.000230s ]

[ 2017-12-05T09:31:03+08:00 ] 101.20.97.201 /xianshang/admin.php/Print/print_list.html
INFO: [ app_init ] --START--
INFO: Run Behavior\BuildLiteBehavior [ RunTime:0.000006s ]
INFO: [ app_init ] --END-- [ RunTime:0.000152s ]
INFO: [ app_begin ] --START--
INFO: Run Behavior\ReadHtmlCacheBehavior [ RunTime:0.000244s ]
INFO: [ app_begin ] --END-- [ RunTime:0.000262s ]
SQL: select DISTINCT CONCAT(power_controller,'|',power_action) as qx from yixue_power_role left join yixue_power on yixue_power_role.yixue_power_id = yixue_power.power_id where yixue_role_id in(select yixue_role_id from yixue_user_role where yixue_user_id='2'
) [ RunTime:0.0031s ]
SQL: SHOW COLUMNS FROM `yixue_partner` [ RunTime:0.0032s ]
SQL: SELECT `partner_code` FROM `yixue_partner` WHERE ( user_id = 2 ) LIMIT 1   [ RunTime:0.0026s ]
SQL: SHOW COLUMNS FROM `yixue_students` [ RunTime:0.0030s ]
SQL: SELECT `students_id` FROM `yixue_students` WHERE ( students_accredit = '1411268593' )  [ RunTime:0.0026s ]
SQL: SHOW COLUMNS FROM `yixue_print` [ RunTime:0.0030s ]
SQL: SELECT COUNT(*) AS tp_count FROM `yixue_print` WHERE `students_name` LIKE '%' LIMIT 1   [ RunTime:0.0026s ]
SQL: SELECT `print_id`,`print_type`,`print_level`,`add_time`,`print_students_id`,`print_textbook`,`read_title`,`students_name` FROM `yixue_print` WHERE `students_name` LIKE '%' ORDER BY add_time desc LIMIT 0,3   [ RunTime:0.0027s ]
INFO: [ view_parse ] --START--
NOTIC: [2] file_get_contents(./Application/Admin/View/./Public/top.html): failed to open stream: No such file or directory /usr/local/nginx/html/xianshang/ThinkPHP/Library/Think/Template.class.php 第 696 行.
INFO: [ template_filter ] --START--
INFO: Run Behavior\ContentReplaceBehavior [ RunTime:0.000026s ]
INFO: [ template_filter ] --END-- [ RunTime:0.000042s ]
NOTIC: [8] Undefined index: user_id /usr/local/nginx/html/xianshang/Application/Runtime/Cache/Admin/82eef1d0c852681fd35dd273daeaa46c.php 第 65 行.
NOTIC: [8] Undefined index: user_id /usr/local/nginx/html/xianshang/Application/Runtime/Cache/Admin/82eef1d0c852681fd35dd273daeaa46c.php 第 65 行.
NOTIC: [8] Undefined index: user_id /usr/local/nginx/html/xianshang/Application/Runtime/Cache/Admin/82eef1d0c852681fd35dd273daeaa46c.php 第 65 行.
INFO: Run Behavior\ParseTemplateBehavior [ RunTime:0.003020s ]
INFO: [ view_parse ] --END-- [ RunTime:0.003033s ]
INFO: [ view_filter ] --START--
INFO: Run Behavior\WriteHtmlCacheBehavior [ RunTime:0.000066s ]
INFO: [ view_filter ] --END-- [ RunTime:0.000074s ]
INFO: [ app_end ] --START--
INFO: Run Behavior\ShowPageTraceBehavior [ RunTime:0.000247s ]
INFO: [ app_end ] --END-- [ RunTime:0.000258s ]

[ 2017-12-05T09:31:04+08:00 ] 101.20.97.201 /xianshang/admin.php/Read/read_list.html
INFO: [ app_init ] --START--
INFO: Run Behavior\BuildLiteBehavior [ RunTime:0.000005s ]
INFO: [ app_init ] --END-- [ RunTime:0.000145s ]
INFO: [ app_begin ] --START--
INFO: Run Behavior\ReadHtmlCacheBehavior [ RunTime:0.000228s ]
INFO: [ app_begin ] --END-- [ RunTime:0.000245s ]
SQL: select DISTINCT CONCAT(power_controller,'|',power_action) as qx from yixue_power_role left join yixue_power on yixue_power_role.yixue_power_id = yixue_power.power_id where yixue_role_id in(select yixue_role_id from yixue_user_role where yixue_user_id='2'
) [ RunTime:0.0026s ]
SQL: SELECT count(DISTINCT read_type_id,read_level_id) as count FROM class_read where read_title like '%' [ RunTime:0.0022s ]
SQL: SHOW COLUMNS FROM `class_read` [ RunTime:0.0026s ]
SQL: SELECT DISTINCT  `students_id`,`read_level_id`,`read_type_id`,`read_title`,`read_text`,`add_time`,`read_time`,`type_name`,`level_name` FROM `class_read` INNER JOIN read_type on class_read.read_type_id = read_type.type_id INNER JOIN level_type_id on class_read.read_level_id = level_type_id.level_id  WHERE `read_title` LIKE '%' LIMIT 0,3   [ RunTime:0.0082s ]
INFO: [ view_parse ] --START--
NOTIC: [2] file_get_contents(./Application/Admin/View/./Public/top.html): failed to open stream: No such file or directory /usr/local/nginx/html/xianshang/ThinkPHP/Library/Think/Template.class.php 第 696 行.
INFO: [ template_filter ] --START--
INFO: Run Behavior\ContentReplaceBehavior [ RunTime:0.000040s ]
INFO: [ template_filter ] --END-- [ RunTime:0.000055s ]
NOTIC: [8] Undefined index: user_id /usr/local/nginx/html/xianshang/Application/Runtime/Cache/Admin/4893aee25586c54d5766b1255158d6f1.php 第 69 行.
NOTIC: [8] Undefined index: user_id /usr/local/nginx/html/xianshang/Application/Runtime/Cache/Admin/4893aee25586c54d5766b1255158d6f1.php 第 69 行.
INFO: Run Behavior\ParseTemplateBehavior [ RunTime:0.003061s ]
INFO: [ view_parse ] --END-- [ RunTime:0.003075s ]
INFO: [ view_filter ] --START--
INFO: Run Behavior\WriteHtmlCacheBehavior [ RunTime:0.000068s ]
INFO: [ view_filter ] --END-- [ RunTime:0.000077s ]
INFO: [ app_end ] --START--
INFO: Run Behavior\ShowPageTraceBehavior [ RunTime:0.000241s ]
INFO: [ app_end ] --END-- [ RunTime:0.000253s ]

[ 2017-12-05T09:31:06+08:00 ] 101.20.97.201 /xianshang/admin.php/Students/students_list.html
INFO: [ app_init ] --START--
INFO: Run Behavior\BuildLiteBehavior [ RunTime:0.000005s ]
INFO: [ app_init ] --END-- [ RunTime:0.000156s ]
INFO: [ app_begin ] --START--
INFO: Run Behavior\ReadHtmlCacheBehavior [ RunTime:0.000245s ]
INFO: [ app_begin ] --END-- [ RunTime:0.000264s ]
SQL: select DISTINCT CONCAT(power_controller,'|',power_action) as qx from yixue_power_role left join yixue_power on yixue_power_role.yixue_power_id = yixue_power.power_id where yixue_role_id in(select yixue_role_id from yixue_user_role where yixue_user_id='2'
) [ RunTime:0.0031s ]
SQL: SHOW COLUMNS FROM `yixue_partner` [ RunTime:0.0033s ]
SQL: SELECT `partner_code` FROM `yixue_partner` WHERE ( user_id = 2 )  [ RunTime:0.0027s ]
SQL: SELECT `user_id` FROM `yixue_partner` WHERE ( user_pid = 2 )  [ RunTime:0.0027s ]
SQL: SELECT `partner_code`,`partner_account` FROM `yixue_partner` WHERE `user_id` IN ('4','2')  [ RunTime:0.0027s ]
SQL: SHOW COLUMNS FROM `yixue_students` [ RunTime:0.0031s ]
SQL: SELECT COUNT(*) AS tp_count FROM `yixue_students` WHERE `students_accredit` IN ('1411268593','1101149127') AND `students_name` LIKE '%' AND `students_tel` LIKE '%' LIMIT 1   [ RunTime:0.0027s ]
SQL: SELECT `students_id`,`students_name`,`students_tel`,`students_sex`,`students_school`,`students_garde`,`students_course`,`students_patriarch`,`patriarch_tel`,`students_home`,`students_accredit` FROM `yixue_students` WHERE `students_accredit` IN ('1411268593','1101149127') AND `students_name` LIKE '%' AND `students_tel` LIKE '%' ORDER BY students_id LIMIT 0,3   [ RunTime:0.0027s ]
SQL: SELECT `open_pwd` FROM `yixue_partner` WHERE ( user_id = '2' ) LIMIT 1   [ RunTime:0.0027s ]
INFO: [ view_parse ] --START--
INFO: [ template_filter ] --START--
INFO: Run Behavior\ContentReplaceBehavior [ RunTime:0.000045s ]
INFO: [ template_filter ] --END-- [ RunTime:0.000060s ]
NOTIC: [8] Undefined index: user_id /usr/local/nginx/html/xianshang/Application/Runtime/Cache/Admin/b6ccebea78df9bbbf91599efb32fb070.php 第 84 行.
NOTIC: [8] Undefined index: user_id /usr/local/nginx/html/xianshang/Application/Runtime/Cache/Admin/b6ccebea78df9bbbf91599efb32fb070.php 第 84 行.
NOTIC: [8] Undefined index: user_id /usr/local/nginx/html/xianshang/Application/Runtime/Cache/Admin/b6ccebea78df9bbbf91599efb32fb070.php 第 84 行.
INFO: Run Behavior\ParseTemplateBehavior [ RunTime:0.004264s ]
INFO: [ view_parse ] --END-- [ RunTime:0.004277s ]
INFO: [ view_filter ] --START--
INFO: Run Behavior\WriteHtmlCacheBehavior [ RunTime:0.000069s ]
INFO: [ view_filter ] --END-- [ RunTime:0.000079s ]
INFO: [ app_end ] --START--
INFO: Run Behavior\ShowPageTraceBehavior [ RunTime:0.000233s ]
INFO: [ app_end ] --END-- [ RunTime:0.000244s ]

[ 2017-12-05T09:31:06+08:00 ] 101.20.97.201 /xianshang/admin.php/Students/students_list.html
INFO: [ app_init ] --START--
INFO: Run Behavior\BuildLiteBehavior [ RunTime:0.000005s ]
INFO: [ app_init ] --END-- [ RunTime:0.000142s ]
INFO: [ app_begin ] --START--
INFO: Run Behavior\ReadHtmlCacheBehavior [ RunTime:0.000234s ]
INFO: [ app_begin ] --END-- [ RunTime:0.000252s ]
SQL: select DISTINCT CONCAT(power_controller,'|',power_action) as qx from yixue_power_role left join yixue_power on yixue_power_role.yixue_power_id = yixue_power.power_id where yixue_role_id in(select yixue_role_id from yixue_user_role where yixue_user_id='2'
) [ RunTime:0.0036s ]
SQL: SHOW COLUMNS FROM `yixue_partner` [ RunTime:0.0037s ]
SQL: SELECT `partner_code` FROM `yixue_partner` WHERE ( user_id = 2 )  [ RunTime:0.0032s ]
SQL: SELECT `user_id` FROM `yixue_partner` WHERE ( user_pid = 2 )  [ RunTime:0.0031s ]
SQL: SELECT `partner_code`,`partner_account` FROM `yixue_partner` WHERE `user_id` IN ('4','2')  [ RunTime:0.0032s ]
SQL: SHOW COLUMNS FROM `yixue_students` [ RunTime:0.0036s ]
SQL: SELECT COUNT(*) AS tp_count FROM `yixue_students` WHERE `students_accredit` IN ('1411268593','1101149127') AND `students_name` LIKE '%' AND `students_tel` LIKE '%' LIMIT 1   [ RunTime:0.0032s ]
SQL: SELECT `students_id`,`students_name`,`students_tel`,`students_sex`,`students_school`,`students_garde`,`students_course`,`students_patriarch`,`patriarch_tel`,`students_home`,`students_accredit` FROM `yixue_students` WHERE `students_accredit` IN ('1411268593','1101149127') AND `students_name` LIKE '%' AND `students_tel` LIKE '%' ORDER BY students_id LIMIT 0,3   [ RunTime:0.0032s ]
SQL: SELECT `open_pwd` FROM `yixue_partner` WHERE ( user_id = '2' ) LIMIT 1   [ RunTime:0.0031s ]
INFO: [ view_parse ] --START--
INFO: [ template_filter ] --START--
INFO: Run Behavior\ContentReplaceBehavior [ RunTime:0.000046s ]
INFO: [ template_filter ] --END-- [ RunTime:0.000062s ]
NOTIC: [8] Undefined index: user_id /usr/local/nginx/html/xianshang/Application/Runtime/Cache/Admin/b6ccebea78df9bbbf91599efb32fb070.php 第 84 行.
NOTIC: [8] Undefined index: user_id /usr/local/nginx/html/xianshang/Application/Runtime/Cache/Admin/b6ccebea78df9bbbf91599efb32fb070.php 第 84 行.
NOTIC: [8] Undefined index: user_id /usr/local/nginx/html/xianshang/Application/Runtime/Cache/Admin/b6ccebea78df9bbbf91599efb32fb070.php 第 84 行.
INFO: Run Behavior\ParseTemplateBehavior [ RunTime:0.004431s ]
INFO: [ view_parse ] --END-- [ RunTime:0.004445s ]
INFO: [ view_filter ] --START--
INFO: Run Behavior\WriteHtmlCacheBehavior [ RunTime:0.000079s ]
INFO: [ view_filter ] --END-- [ RunTime:0.000088s ]
INFO: [ app_end ] --START--
INFO: Run Behavior\ShowPageTraceBehavior [ RunTime:0.000260s ]
INFO: [ app_end ] --END-- [ RunTime:0.000271s ]

[ 2017-12-05T09:31:09+08:00 ] 101.20.97.201 /xianshang/admin.php/Print/print_list.html
INFO: [ app_init ] --START--
INFO: Run Behavior\BuildLiteBehavior [ RunTime:0.000006s ]
INFO: [ app_init ] --END-- [ RunTime:0.000142s ]
INFO: [ app_begin ] --START--
INFO: Run Behavior\ReadHtmlCacheBehavior [ RunTime:0.000212s ]
INFO: [ app_begin ] --END-- [ RunTime:0.000228s ]
SQL: select DISTINCT CONCAT(power_controller,'|',power_action) as qx from yixue_power_role left join yixue_power on yixue_power_role.yixue_power_id = yixue_power.power_id where yixue_role_id in(select yixue_role_id from yixue_user_role where yixue_user_id='2'
) [ RunTime:0.0037s ]
SQL: SHOW COLUMNS FROM `yixue_partner` [ RunTime:0.0039s ]
SQL: SELECT `partner_code` FROM `yixue_partner` WHERE ( user_id = 2 ) LIMIT 1   [ RunTime:0.0033s ]
SQL: SHOW COLUMNS FROM `yixue_students` [ RunTime:0.0037s ]
SQL: SELECT `students_id` FROM `yixue_students` WHERE ( students_accredit = '1411268593' )  [ RunTime:0.0033s ]
SQL: SHOW COLUMNS FROM `yixue_print` [ RunTime:0.0036s ]
SQL: SELECT COUNT(*) AS tp_count FROM `yixue_print` WHERE `students_name` LIKE '%' LIMIT 1   [ RunTime:0.0033s ]
SQL: SELECT `print_id`,`print_type`,`print_level`,`add_time`,`print_students_id`,`print_textbook`,`read_title`,`students_name` FROM `yixue_print` WHERE `students_name` LIKE '%' ORDER BY add_time desc LIMIT 0,3   [ RunTime:0.0033s ]
INFO: [ view_parse ] --START--
NOTIC: [2] file_get_contents(./Application/Admin/View/./Public/top.html): failed to open stream: No such file or directory /usr/local/nginx/html/xianshang/ThinkPHP/Library/Think/Template.class.php 第 696 行.
INFO: [ template_filter ] --START--
INFO: Run Behavior\ContentReplaceBehavior [ RunTime:0.000027s ]
INFO: [ template_filter ] --END-- [ RunTime:0.000042s ]
NOTIC: [8] Undefined index: user_id /usr/local/nginx/html/xianshang/Application/Runtime/Cache/Admin/82eef1d0c852681fd35dd273daeaa46c.php 第 65 行.
NOTIC: [8] Undefined index: user_id /usr/local/nginx/html/xianshang/Application/Runtime/Cache/Admin/82eef1d0c852681fd35dd273daeaa46c.php 第 65 行.
NOTIC: [8] Undefined index: user_id /usr/local/nginx/html/xianshang/Application/Runtime/Cache/Admin/82eef1d0c852681fd35dd273daeaa46c.php 第 65 行.
INFO: Run Behavior\ParseTemplateBehavior [ RunTime:0.003089s ]
INFO: [ view_parse ] --END-- [ RunTime:0.003101s ]
INFO: [ view_filter ] --START--
INFO: Run Behavior\WriteHtmlCacheBehavior [ RunTime:0.000068s ]
INFO: [ view_filter ] --END-- [ RunTime:0.000077s ]
INFO: [ app_end ] --START--
INFO: Run Behavior\ShowPageTraceBehavior [ RunTime:0.000249s ]
INFO: [ app_end ] --END-- [ RunTime:0.000259s ]

[ 2017-12-05T09:31:10+08:00 ] 101.20.97.201 /xianshang/admin.php/Users/users_list.html
INFO: [ app_init ] --START--
INFO: Run Behavior\BuildLiteBehavior [ RunTime:0.000005s ]
INFO: [ app_init ] --END-- [ RunTime:0.000142s ]
INFO: [ app_begin ] --START--
INFO: Run Behavior\ReadHtmlCacheBehavior [ RunTime:0.000213s ]
INFO: [ app_begin ] --END-- [ RunTime:0.000230s ]
SQL: select DISTINCT CONCAT(power_controller,'|',power_action) as qx from yixue_power_role left join yixue_power on yixue_power_role.yixue_power_id = yixue_power.power_id where yixue_role_id in(select yixue_role_id from yixue_user_role where yixue_user_id='2'
) [ RunTime:0.0037s ]
SQL: SHOW COLUMNS FROM `yixue_user` [ RunTime:0.0037s ]
SQL: SELECT * FROM `yixue_user` WHERE ( user_pid = 2 )  [ RunTime:0.0032s ]
INFO: [ view_parse ] --START--
NOTIC: [2] file_get_contents(./Application/Admin/View/./Public/top.html): failed to open stream: No such file or directory /usr/local/nginx/html/xianshang/ThinkPHP/Library/Think/Template.class.php 第 696 行.
INFO: [ template_filter ] --START--
INFO: Run Behavior\ContentReplaceBehavior [ RunTime:0.000027s ]
INFO: [ template_filter ] --END-- [ RunTime:0.000041s ]
INFO: Run Behavior\ParseTemplateBehavior [ RunTime:0.002857s ]
INFO: [ view_parse ] --END-- [ RunTime:0.002871s ]
INFO: [ view_filter ] --START--
INFO: Run Behavior\WriteHtmlCacheBehavior [ RunTime:0.000063s ]
INFO: [ view_filter ] --END-- [ RunTime:0.000071s ]
INFO: [ app_end ] --START--
INFO: Run Behavior\ShowPageTraceBehavior [ RunTime:0.000233s ]
INFO: [ app_end ] --END-- [ RunTime:0.000243s ]

